Feb 01, 2024 11:35:20 AM ppp.EnergyManagement updateEnergySource
INFO: Current energy source: Grid
Feb 01, 2024 11:35:25 AM ppp.EnergyManagement updateEnergySource
INFO: Current energy source: Grid
Feb 01, 2024 11:35:30 AM ppp.EnergyManagement updateEnergySource
INFO: Current energy source: Solar
Feb 01, 2024 11:35:35 AM ppp.EnergyManagement updateEnergySource
INFO: Current energy source: Grid
Feb 01, 2024 11:35:40 AM ppp.EnergyManagement updateEnergySource
INFO: Current energy source: Grid
Feb 01, 2024 11:35:45 AM ppp.EnergyManagement updateEnergySource
INFO: Current energy source: Solar
Feb 01, 2024 11:35:50 AM ppp.EnergyManagement updateEnergySource
INFO: Current energy source: Grid
Feb 01, 2024 11:35:55 AM ppp.EnergyManagement updateEnergySource
INFO: Current energy source: Grid
Feb 01, 2024 11:36:01 AM ppp.EnergyManagement updateEnergySource
INFO: Current energy source: Grid
Feb 01, 2024 11:36:12 AM ppp.EnergyManagement updateEnergySource
INFO: Current energy source: Solar
Feb 01, 2024 11:36:18 AM ppp.EnergyManagement updateEnergySource
INFO: Current energy source: Grid
Feb 01, 2024 11:36:25 AM ppp.EnergyManagement updateEnergySource
INFO: Current energy source: Solar
Feb 01, 2024 11:36:32 AM ppp.EnergyManagement updateEnergySource
INFO: Current energy source: Grid
Feb 01, 2024 11:36:39 AM ppp.EnergyManagement updateEnergySource
INFO: Current energy source: Grid
Feb 01, 2024 11:36:49 AM ppp.EnergyManagement updateEnergySource
INFO: Current energy source: Solar
Feb 01, 2024 11:39:48 AM ppp.EnergyManagement updateEnergySource
INFO: Current energy source: Grid
Feb 01, 2024 11:39:53 AM ppp.EnergyManagement updateEnergySource
INFO: Current energy source: Grid
Feb 01, 2024 11:39:58 AM ppp.EnergyManagement updateEnergySource
INFO: Current energy source: Solar
Feb 01, 2024 11:40:03 AM ppp.EnergyManagement updateEnergySource
INFO: Current energy source: Grid
Feb 01, 2024 11:40:08 AM ppp.EnergyManagement updateEnergySource
INFO: Current energy source: Grid
Feb 01, 2024 11:40:13 AM ppp.EnergyManagement updateEnergySource
INFO: Current energy source: Solar
Feb 01, 2024 11:40:18 AM ppp.EnergyManagement updateEnergySource
INFO: Current energy source: Grid
Feb 01, 2024 11:40:23 AM ppp.EnergyManagement updateEnergySource
INFO: Current energy source: Grid
Feb 01, 2024 11:40:30 AM ppp.EnergyManagement updateEnergySource
INFO: Current energy source: Grid
Feb 01, 2024 11:40:36 AM ppp.EnergyManagement updateEnergySource
INFO: Current energy source: Solar
Feb 01, 2024 11:40:42 AM ppp.EnergyManagement updateEnergySource
INFO: Current energy source: Grid
Feb 01, 2024 11:40:48 AM ppp.EnergyManagement updateEnergySource
INFO: Current energy source: Grid
Feb 01, 2024 11:41:05 AM ppp.EnergyManagement updateEnergySource
INFO: Current energy source: Grid
Feb 01, 2024 11:41:10 AM ppp.EnergyManagement updateEnergySource
INFO: Current energy source: Grid
Feb 01, 2024 11:41:15 AM ppp.EnergyManagement updateEnergySource
INFO: Current energy source: Solar
Feb 01, 2024 11:41:20 AM ppp.EnergyManagement updateEnergySource
INFO: Current energy source: Grid
Feb 01, 2024 11:41:25 AM ppp.EnergyManagement updateEnergySource
INFO: Current energy source: Grid
Feb 01, 2024 11:41:30 AM ppp.EnergyManagement updateEnergySource
INFO: Current energy source: Solar
Feb 01, 2024 11:41:35 AM ppp.EnergyManagement updateEnergySource
INFO: Current energy source: Grid
Feb 01, 2024 11:41:40 AM ppp.EnergyManagement updateEnergySource
INFO: Current energy source: Grid
Feb 01, 2024 11:41:45 AM ppp.EnergyManagement updateEnergySource
INFO: Current energy source: Solar
Feb 01, 2024 11:41:52 AM ppp.EnergyManagement updateEnergySource
INFO: Current energy source: Solar
Feb 01, 2024 11:41:57 AM ppp.EnergyManagement updateEnergySource
INFO: Current energy source: Grid
Feb 01, 2024 11:42:02 AM ppp.EnergyManagement updateEnergySource
INFO: Current energy source: Grid
Feb 01, 2024 11:42:08 AM ppp.EnergyManagement updateEnergySource
INFO: Current energy source: Solar
Feb 01, 2024 11:42:13 AM ppp.EnergyManagement updateEnergySource
INFO: Current energy source: Grid
Feb 01, 2024 11:42:18 AM ppp.EnergyManagement updateEnergySource
INFO: Current energy source: Grid
Feb 01, 2024 11:42:25 AM ppp.EnergyManagement updateEnergySource
INFO: Current energy source: Solar
Feb 01, 2024 11:42:32 AM ppp.EnergyManagement updateEnergySource
INFO: Current energy source: Grid
Feb 01, 2024 11:42:39 AM ppp.EnergyManagement updateEnergySource
INFO: Current energy source: Solar
Feb 01, 2024 11:42:47 AM ppp.EnergyManagement updateEnergySource
INFO: Current energy source: Grid
Feb 01, 2024 11:42:58 AM ppp.EnergyManagement updateEnergySource
INFO: Current energy source: Solar
Feb 01, 2024 11:43:05 AM ppp.EnergyManagement updateEnergySource
INFO: Current energy source: Grid
Feb 01, 2024 12:01:44 PM ppp.EnergyManagement updateEnergySource
INFO: Current energy source: Grid
Feb 01, 2024 12:01:49 PM ppp.EnergyManagement updateEnergySource
INFO: Current energy source: Grid
Feb 01, 2024 12:01:54 PM ppp.EnergyManagement updateEnergySource
INFO: Current energy source: Solar
Feb 01, 2024 12:01:59 PM ppp.EnergyManagement updateEnergySource
INFO: Current energy source: Grid
Feb 01, 2024 12:02:04 PM ppp.EnergyManagement updateEnergySource
INFO: Current energy source: Grid
Feb 01, 2024 12:02:09 PM ppp.EnergyManagement updateEnergySource
INFO: Current energy source: Solar
Feb 01, 2024 12:02:14 PM ppp.EnergyManagement updateEnergySource
INFO: Current energy source: Grid
Feb 01, 2024 12:02:21 PM ppp.EnergyManagement updateEnergySource
INFO: Current energy source: Grid
Feb 01, 2024 12:02:26 PM ppp.EnergyManagement updateEnergySource
INFO: Current energy source: Grid
Feb 01, 2024 12:02:32 PM ppp.EnergyManagement updateEnergySource
INFO: Current energy source: Solar
Feb 01, 2024 12:02:39 PM ppp.EnergyManagement updateEnergySource
INFO: Current energy source: Grid
Feb 01, 2024 12:02:46 PM ppp.EnergyManagement updateEnergySource
INFO: Current energy source: Solar
Feb 01, 2024 12:02:54 PM ppp.EnergyManagement updateEnergySource
INFO: Current energy source: Grid
Feb 01, 2024 12:03:01 PM ppp.EnergyManagement updateEnergySource
INFO: Current energy source: Grid
Feb 01, 2024 12:03:06 PM ppp.EnergyManagement updateEnergySource
INFO: Current energy source: Solar
Feb 01, 2024 12:06:23 PM ppp.EnergyManagement updateEnergySource
INFO: Current energy source: Grid
Feb 01, 2024 12:06:28 PM ppp.EnergyManagement updateEnergySource
INFO: Current energy source: Grid
Feb 01, 2024 12:06:33 PM ppp.EnergyManagement updateEnergySource
INFO: Current energy source: Solar
Feb 01, 2024 12:06:38 PM ppp.EnergyManagement updateEnergySource
INFO: Current energy source: Grid
Feb 01, 2024 12:06:43 PM ppp.EnergyManagement updateEnergySource
INFO: Current energy source: Grid
Feb 01, 2024 12:06:48 PM ppp.EnergyManagement updateEnergySource
INFO: Current energy source: Solar
Feb 01, 2024 12:06:53 PM ppp.EnergyManagement updateEnergySource
INFO: Current energy source: Grid
Feb 01, 2024 12:06:59 PM ppp.EnergyManagement updateEnergySource
INFO: Current energy source: Grid
Feb 01, 2024 12:07:04 PM ppp.EnergyManagement updateEnergySource
INFO: Current energy source: Grid
Feb 01, 2024 12:07:10 PM ppp.EnergyManagement updateEnergySource
INFO: Current energy source: Solar
Feb 01, 2024 12:07:15 PM ppp.EnergyManagement updateEnergySource
INFO: Current energy source: Grid
Feb 01, 2024 12:11:57 PM ppp.EnergyManagement updateEnergySource
INFO: Current energy source: Grid
Feb 01, 2024 12:12:02 PM ppp.EnergyManagement updateEnergySource
INFO: Current energy source: Grid
Feb 01, 2024 12:12:07 PM ppp.EnergyManagement updateEnergySource
INFO: Current energy source: Solar
Feb 01, 2024 10:23:39 PM ppp.EnergyManagement updateEnergySource
INFO: Current energy source: Grid
Feb 01, 2024 10:23:44 PM ppp.EnergyManagement updateEnergySource
INFO: Current energy source: Grid
Feb 01, 2024 10:23:49 PM ppp.EnergyManagement updateEnergySource
INFO: Current energy source: Solar
Feb 01, 2024 10:23:54 PM ppp.EnergyManagement updateEnergySource
INFO: Current energy source: Grid
Feb 01, 2024 10:23:59 PM ppp.EnergyManagement updateEnergySource
INFO: Current energy source: Grid
Feb 01, 2024 10:24:04 PM ppp.EnergyManagement updateEnergySource
INFO: Current energy source: Solar
Feb 01, 2024 10:24:09 PM ppp.EnergyManagement updateEnergySource
INFO: Current energy source: Grid
Feb 01, 2024 10:24:14 PM ppp.EnergyManagement updateEnergySource
INFO: Current energy source: Grid
Feb 01, 2024 10:24:19 PM ppp.EnergyManagement updateEnergySource
INFO: Current energy source: Solar
Feb 01, 2024 10:24:24 PM ppp.EnergyManagement updateEnergySource
INFO: Current energy source: Grid
Feb 01, 2024 10:24:29 PM ppp.EnergyManagement updateEnergySource
INFO: Current energy source: Grid
Feb 01, 2024 10:24:34 PM ppp.EnergyManagement updateEnergySource
INFO: Current energy source: Solar
Feb 01, 2024 10:24:39 PM ppp.EnergyManagement updateEnergySource
INFO: Current energy source: Grid
Feb 01, 2024 10:24:44 PM ppp.EnergyManagement updateEnergySource
INFO: Current energy source: Grid
Feb 01, 2024 10:24:49 PM ppp.EnergyManagement updateEnergySource
INFO: Current energy source: Solar
Feb 01, 2024 10:24:54 PM ppp.EnergyManagement updateEnergySource
INFO: Current energy source: Grid
Feb 01, 2024 10:24:59 PM ppp.EnergyManagement updateEnergySource
INFO: Current energy source: Grid
Feb 01, 2024 10:25:04 PM ppp.EnergyManagement updateEnergySource
INFO: Current energy source: Solar
Feb 01, 2024 10:25:09 PM ppp.EnergyManagement updateEnergySource
INFO: Current energy source: Grid
Feb 01, 2024 10:25:14 PM ppp.EnergyManagement updateEnergySource
INFO: Current energy source: Grid
Feb 01, 2024 10:25:19 PM ppp.EnergyManagement updateEnergySource
INFO: Current energy source: Solar
Feb 01, 2024 10:25:24 PM ppp.EnergyManagement updateEnergySource
INFO: Current energy source: Grid
Feb 01, 2024 10:25:29 PM ppp.EnergyManagement updateEnergySource
INFO: Current energy source: Grid
Feb 01, 2024 10:25:34 PM ppp.EnergyManagement updateEnergySource
INFO: Current energy source: Solar
Feb 01, 2024 10:25:39 PM ppp.EnergyManagement updateEnergySource
INFO: Current energy source: Grid
Feb 01, 2024 10:25:44 PM ppp.EnergyManagement updateEnergySource
INFO: Current energy source: Grid
Feb 01, 2024 10:25:49 PM ppp.EnergyManagement updateEnergySource
INFO: Current energy source: Solar
Feb 01, 2024 10:25:54 PM ppp.EnergyManagement updateEnergySource
INFO: Current energy source: Grid
Feb 01, 2024 10:25:59 PM ppp.EnergyManagement updateEnergySource
INFO: Current energy source: Grid
Feb 01, 2024 10:26:04 PM ppp.EnergyManagement updateEnergySource
INFO: Current energy source: Solar
Feb 01, 2024 10:26:09 PM ppp.EnergyManagement updateEnergySource
INFO: Current energy source: Grid
Feb 01, 2024 10:26:14 PM ppp.EnergyManagement updateEnergySource
INFO: Current energy source: Grid
Feb 01, 2024 10:26:19 PM ppp.EnergyManagement updateEnergySource
INFO: Current energy source: Solar
Feb 01, 2024 10:26:24 PM ppp.EnergyManagement updateEnergySource
INFO: Current energy source: Grid
Feb 01, 2024 10:26:29 PM ppp.EnergyManagement updateEnergySource
INFO: Current energy source: Grid
Feb 01, 2024 10:26:34 PM ppp.EnergyManagement updateEnergySource
INFO: Current energy source: Solar
Feb 01, 2024 10:26:39 PM ppp.EnergyManagement updateEnergySource
INFO: Current energy source: Grid
Feb 01, 2024 10:26:44 PM ppp.EnergyManagement updateEnergySource
INFO: Current energy source: Grid
Feb 01, 2024 10:26:49 PM ppp.EnergyManagement updateEnergySource
INFO: Current energy source: Solar
Feb 01, 2024 10:26:54 PM ppp.EnergyManagement updateEnergySource
INFO: Current energy source: Grid
Feb 01, 2024 10:26:59 PM ppp.EnergyManagement updateEnergySource
INFO: Current energy source: Grid
Feb 01, 2024 10:27:04 PM ppp.EnergyManagement updateEnergySource
INFO: Current energy source: Solar
Feb 01, 2024 10:27:09 PM ppp.EnergyManagement updateEnergySource
INFO: Current energy source: Grid
Feb 01, 2024 10:27:14 PM ppp.EnergyManagement updateEnergySource
INFO: Current energy source: Grid
Feb 01, 2024 10:27:19 PM ppp.EnergyManagement updateEnergySource
INFO: Current energy source: Solar
Feb 01, 2024 10:27:24 PM ppp.EnergyManagement updateEnergySource
INFO: Current energy source: Grid
Feb 01, 2024 10:27:29 PM ppp.EnergyManagement updateEnergySource
INFO: Current energy source: Grid
Feb 01, 2024 10:27:34 PM ppp.EnergyManagement updateEnergySource
INFO: Current energy source: Solar
Feb 01, 2024 10:27:39 PM ppp.EnergyManagement updateEnergySource
INFO: Current energy source: Grid
Feb 01, 2024 10:27:44 PM ppp.EnergyManagement updateEnergySource
INFO: Current energy source: Grid
Feb 01, 2024 10:27:49 PM ppp.EnergyManagement updateEnergySource
INFO: Current energy source: Solar
Feb 01, 2024 10:27:54 PM ppp.EnergyManagement updateEnergySource
INFO: Current energy source: Grid
Feb 01, 2024 10:27:59 PM ppp.EnergyManagement updateEnergySource
INFO: Current energy source: Grid
Feb 01, 2024 10:28:04 PM ppp.EnergyManagement updateEnergySource
INFO: Current energy source: Solar
Feb 01, 2024 10:28:09 PM ppp.EnergyManagement updateEnergySource
INFO: Current energy source: Grid
Feb 01, 2024 10:28:14 PM ppp.EnergyManagement updateEnergySource
INFO: Current energy source: Grid
Feb 01, 2024 10:28:19 PM ppp.EnergyManagement updateEnergySource
INFO: Current energy source: Solar
Feb 01, 2024 10:28:24 PM ppp.EnergyManagement updateEnergySource
INFO: Current energy source: Grid
Feb 01, 2024 10:28:29 PM ppp.EnergyManagement updateEnergySource
INFO: Current energy source: Grid
Feb 01, 2024 10:28:34 PM ppp.EnergyManagement updateEnergySource
INFO: Current energy source: Solar
Feb 01, 2024 10:28:39 PM ppp.EnergyManagement updateEnergySource
INFO: Current energy source: Grid
Feb 01, 2024 10:28:44 PM ppp.EnergyManagement updateEnergySource
INFO: Current energy source: Grid
Feb 01, 2024 10:28:49 PM ppp.EnergyManagement updateEnergySource
INFO: Current energy source: Solar
Feb 01, 2024 10:28:54 PM ppp.EnergyManagement updateEnergySource
INFO: Current energy source: Grid
Feb 01, 2024 10:28:59 PM ppp.EnergyManagement updateEnergySource
INFO: Current energy source: Grid
Feb 01, 2024 10:29:04 PM ppp.EnergyManagement updateEnergySource
INFO: Current energy source: Solar
Feb 01, 2024 10:29:09 PM ppp.EnergyManagement updateEnergySource
INFO: Current energy source: Grid
Feb 01, 2024 10:29:14 PM ppp.EnergyManagement updateEnergySource
INFO: Current energy source: Grid
Feb 01, 2024 10:29:20 PM ppp.EnergyManagement updateEnergySource
INFO: Current energy source: Grid
Feb 01, 2024 10:29:25 PM ppp.EnergyManagement updateEnergySource
INFO: Current energy source: Grid
Feb 01, 2024 10:29:30 PM ppp.EnergyManagement updateEnergySource
INFO: Current energy source: Solar
Feb 01, 2024 10:29:35 PM ppp.EnergyManagement updateEnergySource
INFO: Current energy source: Grid
Feb 01, 2024 10:29:40 PM ppp.EnergyManagement updateEnergySource
INFO: Current energy source: Grid
Feb 01, 2024 10:29:45 PM ppp.EnergyManagement updateEnergySource
INFO: Current energy source: Solar
Feb 01, 2024 10:29:50 PM ppp.EnergyManagement updateEnergySource
INFO: Current energy source: Grid
Feb 01, 2024 10:29:55 PM ppp.EnergyManagement updateEnergySource
INFO: Current energy source: Grid
Feb 01, 2024 10:30:00 PM ppp.EnergyManagement updateEnergySource
INFO: Current energy source: Solar
Feb 01, 2024 10:30:05 PM ppp.EnergyManagement updateEnergySource
INFO: Current energy source: Grid
Feb 01, 2024 10:32:41 PM ppp.EnergyManagement updateEnergySource
INFO: Current energy source: Grid
Feb 01, 2024 10:32:46 PM ppp.EnergyManagement updateEnergySource
INFO: Current energy source: Grid
Feb 01, 2024 10:32:51 PM ppp.EnergyManagement updateEnergySource
INFO: Current energy source: Solar
Feb 01, 2024 10:32:56 PM ppp.EnergyManagement updateEnergySource
INFO: Current energy source: Grid
Feb 01, 2024 10:33:01 PM ppp.EnergyManagement updateEnergySource
INFO: Current energy source: Grid
Feb 01, 2024 10:33:06 PM ppp.EnergyManagement updateEnergySource
INFO: Current energy source: Solar
Feb 01, 2024 10:33:11 PM ppp.EnergyManagement updateEnergySource
INFO: Current energy source: Grid
Feb 01, 2024 10:33:16 PM ppp.EnergyManagement updateEnergySource
INFO: Current energy source: Grid
Feb 01, 2024 10:33:21 PM ppp.EnergyManagement updateEnergySource
INFO: Current energy source: Solar
Feb 01, 2024 10:33:26 PM ppp.EnergyManagement updateEnergySource
INFO: Current energy source: Grid
Feb 01, 2024 10:33:31 PM ppp.EnergyManagement updateEnergySource
INFO: Current energy source: Grid
Feb 01, 2024 10:33:36 PM ppp.EnergyManagement updateEnergySource
INFO: Current energy source: Solar
Feb 01, 2024 10:33:41 PM ppp.EnergyManagement updateEnergySource
INFO: Current energy source: Grid
Feb 01, 2024 10:33:46 PM ppp.EnergyManagement updateEnergySource
INFO: Current energy source: Grid
Feb 01, 2024 10:33:51 PM ppp.EnergyManagement updateEnergySource
INFO: Current energy source: Solar
Feb 01, 2024 10:33:56 PM ppp.EnergyManagement updateEnergySource
INFO: Current energy source: Grid
Feb 01, 2024 10:34:01 PM ppp.EnergyManagement updateEnergySource
INFO: Current energy source: Grid
Feb 01, 2024 10:34:06 PM ppp.EnergyManagement updateEnergySource
INFO: Current energy source: Solar
Feb 01, 2024 10:34:11 PM ppp.EnergyManagement updateEnergySource
INFO: Current energy source: Grid
Feb 01, 2024 10:34:16 PM ppp.EnergyManagement updateEnergySource
INFO: Current energy source: Grid
Feb 01, 2024 10:34:21 PM ppp.EnergyManagement updateEnergySource
INFO: Current energy source: Solar
Feb 01, 2024 10:34:26 PM ppp.EnergyManagement updateEnergySource
INFO: Current energy source: Grid
Feb 01, 2024 10:34:31 PM ppp.EnergyManagement updateEnergySource
INFO: Current energy source: Grid
Feb 01, 2024 10:34:36 PM ppp.EnergyManagement updateEnergySource
INFO: Current energy source: Solar
Feb 01, 2024 10:34:41 PM ppp.EnergyManagement updateEnergySource
INFO: Current energy source: Grid
Feb 01, 2024 10:34:46 PM ppp.EnergyManagement updateEnergySource
INFO: Current energy source: Grid
Feb 01, 2024 10:34:51 PM ppp.EnergyManagement updateEnergySource
INFO: Current energy source: Solar
Feb 01, 2024 10:34:56 PM ppp.EnergyManagement updateEnergySource
INFO: Current energy source: Grid
Feb 01, 2024 10:35:01 PM ppp.EnergyManagement updateEnergySource
INFO: Current energy source: Grid
Feb 01, 2024 10:35:06 PM ppp.EnergyManagement updateEnergySource
INFO: Current energy source: Solar
Feb 01, 2024 10:35:11 PM ppp.EnergyManagement updateEnergySource
INFO: Current energy source: Grid
Feb 01, 2024 10:35:16 PM ppp.EnergyManagement updateEnergySource
INFO: Current energy source: Grid
Feb 01, 2024 10:35:21 PM ppp.EnergyManagement updateEnergySource
INFO: Current energy source: Solar
Feb 01, 2024 10:35:26 PM ppp.EnergyManagement updateEnergySource
INFO: Current energy source: Grid
Feb 01, 2024 10:35:31 PM ppp.EnergyManagement updateEnergySource
INFO: Current energy source: Grid
Feb 01, 2024 10:35:36 PM ppp.EnergyManagement updateEnergySource
INFO: Current energy source: Solar
Feb 01, 2024 10:35:41 PM ppp.EnergyManagement updateEnergySource
INFO: Current energy source: Grid
Feb 01, 2024 10:35:46 PM ppp.EnergyManagement updateEnergySource
INFO: Current energy source: Grid
Feb 01, 2024 10:35:51 PM ppp.EnergyManagement updateEnergySource
INFO: Current energy source: Solar
Feb 01, 2024 10:35:56 PM ppp.EnergyManagement updateEnergySource
INFO: Current energy source: Grid
Feb 01, 2024 10:36:01 PM ppp.EnergyManagement updateEnergySource
INFO: Current energy source: Grid
Feb 01, 2024 10:36:06 PM ppp.EnergyManagement updateEnergySource
INFO: Current energy source: Solar
Feb 01, 2024 10:36:11 PM ppp.EnergyManagement updateEnergySource
INFO: Current energy source: Grid
Feb 01, 2024 10:36:16 PM ppp.EnergyManagement updateEnergySource
INFO: Current energy source: Grid
Feb 01, 2024 10:36:21 PM ppp.EnergyManagement updateEnergySource
INFO: Current energy source: Solar
Feb 01, 2024 10:36:26 PM ppp.EnergyManagement updateEnergySource
INFO: Current energy source: Grid
Feb 01, 2024 10:36:31 PM ppp.EnergyManagement updateEnergySource
INFO: Current energy source: Grid
Feb 01, 2024 10:36:36 PM ppp.EnergyManagement updateEnergySource
INFO: Current energy source: Solar
Feb 01, 2024 10:36:41 PM ppp.EnergyManagement updateEnergySource
INFO: Current energy source: Grid
Feb 01, 2024 10:36:46 PM ppp.EnergyManagement updateEnergySource
INFO: Current energy source: Grid
Feb 01, 2024 10:36:51 PM ppp.EnergyManagement updateEnergySource
INFO: Current energy source: Solar
Feb 01, 2024 10:36:56 PM ppp.EnergyManagement updateEnergySource
INFO: Current energy source: Grid
Feb 01, 2024 10:37:01 PM ppp.EnergyManagement updateEnergySource
INFO: Current energy source: Grid
Feb 01, 2024 10:37:06 PM ppp.EnergyManagement updateEnergySource
INFO: Current energy source: Solar
Feb 01, 2024 10:37:11 PM ppp.EnergyManagement updateEnergySource
INFO: Current energy source: Grid
Feb 01, 2024 10:37:16 PM ppp.EnergyManagement updateEnergySource
INFO: Current energy source: Grid
Feb 01, 2024 10:37:21 PM ppp.EnergyManagement updateEnergySource
INFO: Current energy source: Solar
Feb 01, 2024 10:37:26 PM ppp.EnergyManagement updateEnergySource
INFO: Current energy source: Grid
Feb 01, 2024 10:37:31 PM ppp.EnergyManagement updateEnergySource
INFO: Current energy source: Grid
Feb 01, 2024 10:37:36 PM ppp.EnergyManagement updateEnergySource
INFO: Current energy source: Solar
Feb 01, 2024 10:37:41 PM ppp.EnergyManagement updateEnergySource
INFO: Current energy source: Grid
Feb 01, 2024 10:37:46 PM ppp.EnergyManagement updateEnergySource
INFO: Current energy source: Grid
Feb 01, 2024 10:37:51 PM ppp.EnergyManagement updateEnergySource
INFO: Current energy source: Solar
Feb 01, 2024 10:37:56 PM ppp.EnergyManagement updateEnergySource
INFO: Current energy source: Grid
Feb 01, 2024 10:38:01 PM ppp.EnergyManagement updateEnergySource
INFO: Current energy source: Grid
Feb 01, 2024 10:38:06 PM ppp.EnergyManagement updateEnergySource
INFO: Current energy source: Solar
Feb 01, 2024 10:38:11 PM ppp.EnergyManagement updateEnergySource
INFO: Current energy source: Grid
Feb 01, 2024 10:38:16 PM ppp.EnergyManagement updateEnergySource
INFO: Current energy source: Grid
Feb 01, 2024 10:38:21 PM ppp.EnergyManagement updateEnergySource
INFO: Current energy source: Solar
Feb 01, 2024 10:38:26 PM ppp.EnergyManagement updateEnergySource
INFO: Current energy source: Grid
Feb 01, 2024 10:38:31 PM ppp.EnergyManagement updateEnergySource
INFO: Current energy source: Grid
Feb 01, 2024 10:38:36 PM ppp.EnergyManagement updateEnergySource
INFO: Current energy source: Solar
Feb 01, 2024 10:38:41 PM ppp.EnergyManagement updateEnergySource
INFO: Current energy source: Grid
Feb 01, 2024 10:38:46 PM ppp.EnergyManagement updateEnergySource
INFO: Current energy source: Grid
Feb 01, 2024 10:38:51 PM ppp.EnergyManagement updateEnergySource
INFO: Current energy source: Solar
Feb 01, 2024 10:38:56 PM ppp.EnergyManagement updateEnergySource
INFO: Current energy source: Grid
Feb 01, 2024 10:39:01 PM ppp.EnergyManagement updateEnergySource
INFO: Current energy source: Grid
Feb 01, 2024 10:39:06 PM ppp.EnergyManagement updateEnergySource
INFO: Current energy source: Solar
Feb 01, 2024 10:39:11 PM ppp.EnergyManagement updateEnergySource
INFO: Current energy source: Grid
Feb 01, 2024 10:39:16 PM ppp.EnergyManagement updateEnergySource
INFO: Current energy source: Grid
Feb 01, 2024 10:39:21 PM ppp.EnergyManagement updateEnergySource
INFO: Current energy source: Solar
Feb 01, 2024 10:39:26 PM ppp.EnergyManagement updateEnergySource
INFO: Current energy source: Grid
Feb 01, 2024 10:39:31 PM ppp.EnergyManagement updateEnergySource
INFO: Current energy source: Grid
Feb 01, 2024 10:39:36 PM ppp.EnergyManagement updateEnergySource
INFO: Current energy source: Solar
Feb 01, 2024 10:39:41 PM ppp.EnergyManagement updateEnergySource
INFO: Current energy source: Grid
Feb 01, 2024 10:39:46 PM ppp.EnergyManagement updateEnergySource
INFO: Current energy source: Grid
Feb 01, 2024 10:39:51 PM ppp.EnergyManagement updateEnergySource
INFO: Current energy source: Solar
Feb 01, 2024 10:39:56 PM ppp.EnergyManagement updateEnergySource
INFO: Current energy source: Grid
Feb 01, 2024 10:40:01 PM ppp.EnergyManagement updateEnergySource
INFO: Current energy source: Grid
Feb 01, 2024 10:40:06 PM ppp.EnergyManagement updateEnergySource
INFO: Current energy source: Solar
Feb 01, 2024 10:40:11 PM ppp.EnergyManagement updateEnergySource
INFO: Current energy source: Grid
Feb 01, 2024 10:40:16 PM ppp.EnergyManagement updateEnergySource
INFO: Current energy source: Grid
Feb 01, 2024 10:40:21 PM ppp.EnergyManagement updateEnergySource
INFO: Current energy source: Solar
Feb 01, 2024 10:40:26 PM ppp.EnergyManagement updateEnergySource
INFO: Current energy source: Grid
Feb 01, 2024 10:40:31 PM ppp.EnergyManagement updateEnergySource
INFO: Current energy source: Grid
Feb 01, 2024 10:40:36 PM ppp.EnergyManagement updateEnergySource
INFO: Current energy source: Solar
Feb 01, 2024 10:40:41 PM ppp.EnergyManagement updateEnergySource
INFO: Current energy source: Grid
Feb 01, 2024 10:40:46 PM ppp.EnergyManagement updateEnergySource
INFO: Current energy source: Grid
Feb 01, 2024 10:40:52 PM ppp.EnergyManagement updateEnergySource
INFO: Current energy source: Solar
Feb 01, 2024 10:40:57 PM ppp.EnergyManagement updateEnergySource
INFO: Current energy source: Grid
Feb 01, 2024 10:41:02 PM ppp.EnergyManagement updateEnergySource
INFO: Current energy source: Grid
Feb 01, 2024 10:41:07 PM ppp.EnergyManagement updateEnergySource
INFO: Current energy source: Solar
Feb 01, 2024 10:41:12 PM ppp.EnergyManagement updateEnergySource
INFO: Current energy source: Grid
Feb 01, 2024 10:41:17 PM ppp.EnergyManagement updateEnergySource
INFO: Current energy source: Grid
Feb 01, 2024 10:41:22 PM ppp.EnergyManagement updateEnergySource
INFO: Current energy source: Solar
Feb 01, 2024 10:41:27 PM ppp.EnergyManagement updateEnergySource
INFO: Current energy source: Grid
Feb 01, 2024 10:41:32 PM ppp.EnergyManagement updateEnergySource
INFO: Current energy source: Grid
Feb 01, 2024 10:41:37 PM ppp.EnergyManagement updateEnergySource
INFO: Current energy source: Solar
Feb 01, 2024 10:41:42 PM ppp.EnergyManagement updateEnergySource
INFO: Current energy source: Grid
Feb 01, 2024 10:41:47 PM ppp.EnergyManagement updateEnergySource
INFO: Current energy source: Grid
Feb 01, 2024 10:41:52 PM ppp.EnergyManagement updateEnergySource
INFO: Current energy source: Solar
Feb 01, 2024 10:41:57 PM ppp.EnergyManagement updateEnergySource
INFO: Current energy source: Grid
Feb 01, 2024 10:42:02 PM ppp.EnergyManagement updateEnergySource
INFO: Current energy source: Grid
Feb 01, 2024 10:42:07 PM ppp.EnergyManagement updateEnergySource
INFO: Current energy source: Solar
Feb 01, 2024 10:42:12 PM ppp.EnergyManagement updateEnergySource
INFO: Current energy source: Grid
Feb 01, 2024 10:42:17 PM ppp.EnergyManagement updateEnergySource
INFO: Current energy source: Grid
Feb 01, 2024 10:42:22 PM ppp.EnergyManagement updateEnergySource
INFO: Current energy source: Solar
Feb 01, 2024 10:42:27 PM ppp.EnergyManagement updateEnergySource
INFO: Current energy source: Grid
Feb 01, 2024 10:42:32 PM ppp.EnergyManagement updateEnergySource
INFO: Current energy source: Grid
Feb 01, 2024 10:42:37 PM ppp.EnergyManagement updateEnergySource
INFO: Current energy source: Solar
Feb 01, 2024 10:42:42 PM ppp.EnergyManagement updateEnergySource
INFO: Current energy source: Grid
Feb 01, 2024 10:42:47 PM ppp.EnergyManagement updateEnergySource
INFO: Current energy source: Grid
Feb 01, 2024 10:42:52 PM ppp.EnergyManagement updateEnergySource
INFO: Current energy source: Solar
Feb 01, 2024 10:42:57 PM ppp.EnergyManagement updateEnergySource
INFO: Current energy source: Grid
Feb 01, 2024 10:43:02 PM ppp.EnergyManagement updateEnergySource
INFO: Current energy source: Grid
Feb 01, 2024 10:43:07 PM ppp.EnergyManagement updateEnergySource
INFO: Current energy source: Solar
Feb 01, 2024 10:43:12 PM ppp.EnergyManagement updateEnergySource
INFO: Current energy source: Grid
Feb 01, 2024 10:43:17 PM ppp.EnergyManagement updateEnergySource
INFO: Current energy source: Grid
Feb 01, 2024 10:43:22 PM ppp.EnergyManagement updateEnergySource
INFO: Current energy source: Solar
Feb 01, 2024 10:43:27 PM ppp.EnergyManagement updateEnergySource
INFO: Current energy source: Grid
Feb 01, 2024 10:43:32 PM ppp.EnergyManagement updateEnergySource
INFO: Current energy source: Grid
Feb 01, 2024 10:43:37 PM ppp.EnergyManagement updateEnergySource
INFO: Current energy source: Solar
Feb 01, 2024 10:43:42 PM ppp.EnergyManagement updateEnergySource
INFO: Current energy source: Grid
Feb 01, 2024 10:43:47 PM ppp.EnergyManagement updateEnergySource
INFO: Current energy source: Grid
Feb 01, 2024 10:43:52 PM ppp.EnergyManagement updateEnergySource
INFO: Current energy source: Solar
Feb 01, 2024 10:43:57 PM ppp.EnergyManagement updateEnergySource
INFO: Current energy source: Grid
Feb 01, 2024 10:44:02 PM ppp.EnergyManagement updateEnergySource
INFO: Current energy source: Grid
Feb 01, 2024 10:44:07 PM ppp.EnergyManagement updateEnergySource
INFO: Current energy source: Solar
Feb 01, 2024 10:44:12 PM ppp.EnergyManagement updateEnergySource
INFO: Current energy source: Grid
Feb 01, 2024 10:44:17 PM ppp.EnergyManagement updateEnergySource
INFO: Current energy source: Grid
Feb 01, 2024 10:44:22 PM ppp.EnergyManagement updateEnergySource
INFO: Current energy source: Solar
Feb 01, 2024 10:44:27 PM ppp.EnergyManagement updateEnergySource
INFO: Current energy source: Grid
Feb 01, 2024 10:44:32 PM ppp.EnergyManagement updateEnergySource
INFO: Current energy source: Grid
Feb 01, 2024 10:44:37 PM ppp.EnergyManagement updateEnergySource
INFO: Current energy source: Solar
Feb 01, 2024 10:44:42 PM ppp.EnergyManagement updateEnergySource
INFO: Current energy source: Grid
Feb 01, 2024 10:44:47 PM ppp.EnergyManagement updateEnergySource
INFO: Current energy source: Grid
Feb 01, 2024 10:44:52 PM ppp.EnergyManagement updateEnergySource
INFO: Current energy source: Solar
Feb 01, 2024 10:44:57 PM ppp.EnergyManagement updateEnergySource
INFO: Current energy source: Grid
Feb 01, 2024 10:45:02 PM ppp.EnergyManagement updateEnergySource
INFO: Current energy source: Grid
Feb 01, 2024 10:45:07 PM ppp.EnergyManagement updateEnergySource
INFO: Current energy source: Solar
Feb 01, 2024 10:45:12 PM ppp.EnergyManagement updateEnergySource
INFO: Current energy source: Grid
Feb 01, 2024 10:45:17 PM ppp.EnergyManagement updateEnergySource
INFO: Current energy source: Grid
Feb 01, 2024 10:45:22 PM ppp.EnergyManagement updateEnergySource
INFO: Current energy source: Solar
Feb 01, 2024 10:45:27 PM ppp.EnergyManagement updateEnergySource
INFO: Current energy source: Grid
Feb 01, 2024 10:45:32 PM ppp.EnergyManagement updateEnergySource
INFO: Current energy source: Grid
Feb 01, 2024 10:45:37 PM ppp.EnergyManagement updateEnergySource
INFO: Current energy source: Solar
Feb 01, 2024 10:45:42 PM ppp.EnergyManagement updateEnergySource
INFO: Current energy source: Grid
Feb 01, 2024 10:45:47 PM ppp.EnergyManagement updateEnergySource
INFO: Current energy source: Grid
Feb 01, 2024 10:45:52 PM ppp.EnergyManagement updateEnergySource
INFO: Current energy source: Solar
Feb 01, 2024 10:45:57 PM ppp.EnergyManagement updateEnergySource
INFO: Current energy source: Grid
Feb 01, 2024 10:46:02 PM ppp.EnergyManagement updateEnergySource
INFO: Current energy source: Grid
Feb 01, 2024 10:46:07 PM ppp.EnergyManagement updateEnergySource
INFO: Current energy source: Solar
Feb 01, 2024 10:46:12 PM ppp.EnergyManagement updateEnergySource
INFO: Current energy source: Grid
Feb 01, 2024 10:46:17 PM ppp.EnergyManagement updateEnergySource
INFO: Current energy source: Grid
Feb 01, 2024 10:46:22 PM ppp.EnergyManagement updateEnergySource
INFO: Current energy source: Solar
Feb 01, 2024 10:46:27 PM ppp.EnergyManagement updateEnergySource
INFO: Current energy source: Grid
Feb 01, 2024 10:46:32 PM ppp.EnergyManagement updateEnergySource
INFO: Current energy source: Grid
Feb 01, 2024 10:46:37 PM ppp.EnergyManagement updateEnergySource
INFO: Current energy source: Solar
Feb 01, 2024 10:46:42 PM ppp.EnergyManagement updateEnergySource
INFO: Current energy source: Grid
Feb 01, 2024 10:46:47 PM ppp.EnergyManagement updateEnergySource
INFO: Current energy source: Grid
Feb 01, 2024 10:46:52 PM ppp.EnergyManagement updateEnergySource
INFO: Current energy source: Solar
Feb 01, 2024 10:46:57 PM ppp.EnergyManagement updateEnergySource
INFO: Current energy source: Grid
Feb 01, 2024 10:47:02 PM ppp.EnergyManagement updateEnergySource
INFO: Current energy source: Grid
Feb 01, 2024 10:47:07 PM ppp.EnergyManagement updateEnergySource
INFO: Current energy source: Solar
Feb 01, 2024 10:47:12 PM ppp.EnergyManagement updateEnergySource
INFO: Current energy source: Grid
Feb 01, 2024 10:47:17 PM ppp.EnergyManagement updateEnergySource
INFO: Current energy source: Grid
Feb 01, 2024 10:47:22 PM ppp.EnergyManagement updateEnergySource
INFO: Current energy source: Solar
Feb 01, 2024 10:47:27 PM ppp.EnergyManagement updateEnergySource
INFO: Current energy source: Grid
Feb 01, 2024 10:47:32 PM ppp.EnergyManagement updateEnergySource
INFO: Current energy source: Grid
Feb 01, 2024 10:47:37 PM ppp.EnergyManagement updateEnergySource
INFO: Current energy source: Solar
Feb 01, 2024 10:47:42 PM ppp.EnergyManagement updateEnergySource
INFO: Current energy source: Grid
Feb 01, 2024 10:47:47 PM ppp.EnergyManagement updateEnergySource
INFO: Current energy source: Grid
Feb 01, 2024 10:47:52 PM ppp.EnergyManagement updateEnergySource
INFO: Current energy source: Solar
Feb 01, 2024 10:47:57 PM ppp.EnergyManagement updateEnergySource
INFO: Current energy source: Grid
Feb 01, 2024 10:48:02 PM ppp.EnergyManagement updateEnergySource
INFO: Current energy source: Grid
Feb 01, 2024 10:48:07 PM ppp.EnergyManagement updateEnergySource
INFO: Current energy source: Solar
Feb 01, 2024 10:48:12 PM ppp.EnergyManagement updateEnergySource
INFO: Current energy source: Grid
Feb 01, 2024 10:48:17 PM ppp.EnergyManagement updateEnergySource
INFO: Current energy source: Grid
Feb 01, 2024 10:48:22 PM ppp.EnergyManagement updateEnergySource
INFO: Current energy source: Solar
Feb 01, 2024 10:48:27 PM ppp.EnergyManagement updateEnergySource
INFO: Current energy source: Grid
Feb 01, 2024 10:48:32 PM ppp.EnergyManagement updateEnergySource
INFO: Current energy source: Grid
Feb 01, 2024 10:48:37 PM ppp.EnergyManagement updateEnergySource
INFO: Current energy source: Solar
Feb 01, 2024 10:48:42 PM ppp.EnergyManagement updateEnergySource
INFO: Current energy source: Grid
Feb 01, 2024 10:48:47 PM ppp.EnergyManagement updateEnergySource
INFO: Current energy source: Grid
Feb 01, 2024 10:48:52 PM ppp.EnergyManagement updateEnergySource
INFO: Current energy source: Solar
Feb 01, 2024 10:48:57 PM ppp.EnergyManagement updateEnergySource
INFO: Current energy source: Grid
Feb 01, 2024 10:49:02 PM ppp.EnergyManagement updateEnergySource
INFO: Current energy source: Grid
Feb 01, 2024 10:49:07 PM ppp.EnergyManagement updateEnergySource
INFO: Current energy source: Solar
Feb 01, 2024 10:49:12 PM ppp.EnergyManagement updateEnergySource
INFO: Current energy source: Grid
Feb 01, 2024 10:49:17 PM ppp.EnergyManagement updateEnergySource
INFO: Current energy source: Grid
Feb 01, 2024 10:49:22 PM ppp.EnergyManagement updateEnergySource
INFO: Current energy source: Solar
Feb 01, 2024 10:49:27 PM ppp.EnergyManagement updateEnergySource
INFO: Current energy source: Grid
Feb 01, 2024 10:49:32 PM ppp.EnergyManagement updateEnergySource
INFO: Current energy source: Grid
Feb 01, 2024 10:49:37 PM ppp.EnergyManagement updateEnergySource
INFO: Current energy source: Solar
Feb 01, 2024 10:49:42 PM ppp.EnergyManagement updateEnergySource
INFO: Current energy source: Grid
Feb 01, 2024 10:49:47 PM ppp.EnergyManagement updateEnergySource
INFO: Current energy source: Grid
Feb 01, 2024 10:49:52 PM ppp.EnergyManagement updateEnergySource
INFO: Current energy source: Solar
Feb 01, 2024 10:49:57 PM ppp.EnergyManagement updateEnergySource
INFO: Current energy source: Grid
Feb 01, 2024 10:50:02 PM ppp.EnergyManagement updateEnergySource
INFO: Current energy source: Grid
Feb 01, 2024 10:50:07 PM ppp.EnergyManagement updateEnergySource
INFO: Current energy source: Solar
Feb 01, 2024 10:50:12 PM ppp.EnergyManagement updateEnergySource
INFO: Current energy source: Grid
Feb 01, 2024 10:50:17 PM ppp.EnergyManagement updateEnergySource
INFO: Current energy source: Grid
Feb 01, 2024 10:50:22 PM ppp.EnergyManagement updateEnergySource
INFO: Current energy source: Solar
Feb 01, 2024 10:50:27 PM ppp.EnergyManagement updateEnergySource
INFO: Current energy source: Grid
Feb 01, 2024 10:50:32 PM ppp.EnergyManagement updateEnergySource
INFO: Current energy source: Grid
Feb 01, 2024 10:50:37 PM ppp.EnergyManagement updateEnergySource
INFO: Current energy source: Solar
Feb 01, 2024 10:50:42 PM ppp.EnergyManagement updateEnergySource
INFO: Current energy source: Grid
Feb 01, 2024 10:50:47 PM ppp.EnergyManagement updateEnergySource
INFO: Current energy source: Grid
Feb 01, 2024 10:50:52 PM ppp.EnergyManagement updateEnergySource
INFO: Current energy source: Solar
Feb 01, 2024 10:50:57 PM ppp.EnergyManagement updateEnergySource
INFO: Current energy source: Grid
Feb 01, 2024 10:51:02 PM ppp.EnergyManagement updateEnergySource
INFO: Current energy source: Grid
Feb 01, 2024 10:51:07 PM ppp.EnergyManagement updateEnergySource
INFO: Current energy source: Solar
Feb 01, 2024 10:51:12 PM ppp.EnergyManagement updateEnergySource
INFO: Current energy source: Grid
Feb 01, 2024 10:51:17 PM ppp.EnergyManagement updateEnergySource
INFO: Current energy source: Grid
Feb 01, 2024 10:51:22 PM ppp.EnergyManagement updateEnergySource
INFO: Current energy source: Solar
Feb 01, 2024 10:51:27 PM ppp.EnergyManagement updateEnergySource
INFO: Current energy source: Grid
Feb 01, 2024 10:51:32 PM ppp.EnergyManagement updateEnergySource
INFO: Current energy source: Grid
Feb 01, 2024 10:51:37 PM ppp.EnergyManagement updateEnergySource
INFO: Current energy source: Solar
Feb 01, 2024 10:51:42 PM ppp.EnergyManagement updateEnergySource
INFO: Current energy source: Grid
Feb 01, 2024 10:51:47 PM ppp.EnergyManagement updateEnergySource
INFO: Current energy source: Grid
Feb 01, 2024 10:51:52 PM ppp.EnergyManagement updateEnergySource
INFO: Current energy source: Solar
Feb 01, 2024 10:51:57 PM ppp.EnergyManagement updateEnergySource
INFO: Current energy source: Grid
Feb 01, 2024 10:52:02 PM ppp.EnergyManagement updateEnergySource
INFO: Current energy source: Grid
Feb 01, 2024 10:52:07 PM ppp.EnergyManagement updateEnergySource
INFO: Current energy source: Solar
Feb 01, 2024 10:52:12 PM ppp.EnergyManagement updateEnergySource
INFO: Current energy source: Grid
Feb 01, 2024 10:52:17 PM ppp.EnergyManagement updateEnergySource
INFO: Current energy source: Grid
Feb 01, 2024 10:52:22 PM ppp.EnergyManagement updateEnergySource
INFO: Current energy source: Solar
Feb 01, 2024 10:52:27 PM ppp.EnergyManagement updateEnergySource
INFO: Current energy source: Grid
Feb 01, 2024 10:52:32 PM ppp.EnergyManagement updateEnergySource
INFO: Current energy source: Grid
Feb 01, 2024 10:52:37 PM ppp.EnergyManagement updateEnergySource
INFO: Current energy source: Solar
Feb 01, 2024 10:52:42 PM ppp.EnergyManagement updateEnergySource
INFO: Current energy source: Grid
Feb 01, 2024 10:52:47 PM ppp.EnergyManagement updateEnergySource
INFO: Current energy source: Grid
Feb 01, 2024 10:52:52 PM ppp.EnergyManagement updateEnergySource
INFO: Current energy source: Solar
Feb 01, 2024 10:52:57 PM ppp.EnergyManagement updateEnergySource
INFO: Current energy source: Grid
Feb 01, 2024 10:53:02 PM ppp.EnergyManagement updateEnergySource
INFO: Current energy source: Grid
Feb 01, 2024 10:53:07 PM ppp.EnergyManagement updateEnergySource
INFO: Current energy source: Solar
Feb 01, 2024 10:53:12 PM ppp.EnergyManagement updateEnergySource
INFO: Current energy source: Grid
Feb 01, 2024 10:53:17 PM ppp.EnergyManagement updateEnergySource
INFO: Current energy source: Grid
Feb 01, 2024 10:53:22 PM ppp.EnergyManagement updateEnergySource
INFO: Current energy source: Solar
Feb 01, 2024 10:53:27 PM ppp.EnergyManagement updateEnergySource
INFO: Current energy source: Grid
Feb 01, 2024 10:53:32 PM ppp.EnergyManagement updateEnergySource
INFO: Current energy source: Grid
Feb 01, 2024 10:53:37 PM ppp.EnergyManagement updateEnergySource
INFO: Current energy source: Solar
Feb 01, 2024 10:53:42 PM ppp.EnergyManagement updateEnergySource
INFO: Current energy source: Grid
Feb 01, 2024 10:53:47 PM ppp.EnergyManagement updateEnergySource
INFO: Current energy source: Grid
Feb 01, 2024 10:53:52 PM ppp.EnergyManagement updateEnergySource
INFO: Current energy source: Solar
Feb 01, 2024 10:53:57 PM ppp.EnergyManagement updateEnergySource
INFO: Current energy source: Grid
Feb 01, 2024 10:54:02 PM ppp.EnergyManagement updateEnergySource
INFO: Current energy source: Grid
Feb 01, 2024 10:54:07 PM ppp.EnergyManagement updateEnergySource
INFO: Current energy source: Solar
Feb 01, 2024 10:54:12 PM ppp.EnergyManagement updateEnergySource
INFO: Current energy source: Grid
Feb 01, 2024 10:54:17 PM ppp.EnergyManagement updateEnergySource
INFO: Current energy source: Grid
Feb 01, 2024 10:54:22 PM ppp.EnergyManagement updateEnergySource
INFO: Current energy source: Solar
Feb 01, 2024 10:54:27 PM ppp.EnergyManagement updateEnergySource
INFO: Current energy source: Grid
Feb 01, 2024 10:54:32 PM ppp.EnergyManagement updateEnergySource
INFO: Current energy source: Grid
Feb 01, 2024 10:54:37 PM ppp.EnergyManagement updateEnergySource
INFO: Current energy source: Solar
Feb 01, 2024 10:54:42 PM ppp.EnergyManagement updateEnergySource
INFO: Current energy source: Grid
Feb 01, 2024 10:54:47 PM ppp.EnergyManagement updateEnergySource
INFO: Current energy source: Grid
Feb 01, 2024 10:54:52 PM ppp.EnergyManagement updateEnergySource
INFO: Current energy source: Solar
Feb 01, 2024 10:54:57 PM ppp.EnergyManagement updateEnergySource
INFO: Current energy source: Grid
Feb 01, 2024 10:55:02 PM ppp.EnergyManagement updateEnergySource
INFO: Current energy source: Grid
Feb 01, 2024 10:55:07 PM ppp.EnergyManagement updateEnergySource
INFO: Current energy source: Solar
Feb 01, 2024 10:55:12 PM ppp.EnergyManagement updateEnergySource
INFO: Current energy source: Grid
Feb 01, 2024 10:55:17 PM ppp.EnergyManagement updateEnergySource
INFO: Current energy source: Grid
Feb 01, 2024 10:55:22 PM ppp.EnergyManagement updateEnergySource
INFO: Current energy source: Solar
Feb 01, 2024 10:55:27 PM ppp.EnergyManagement updateEnergySource
INFO: Current energy source: Grid
Feb 01, 2024 10:55:32 PM ppp.EnergyManagement updateEnergySource
INFO: Current energy source: Grid
Feb 01, 2024 10:55:37 PM ppp.EnergyManagement updateEnergySource
INFO: Current energy source: Solar
Feb 01, 2024 10:55:42 PM ppp.EnergyManagement updateEnergySource
INFO: Current energy source: Grid
Feb 01, 2024 10:55:47 PM ppp.EnergyManagement updateEnergySource
INFO: Current energy source: Grid
Feb 01, 2024 10:55:52 PM ppp.EnergyManagement updateEnergySource
INFO: Current energy source: Solar
Feb 01, 2024 10:55:59 PM ppp.EnergyManagement updateEnergySource
INFO: Current energy source: Grid
Feb 01, 2024 10:56:04 PM ppp.EnergyManagement updateEnergySource
INFO: Current energy source: Grid
Feb 01, 2024 10:56:09 PM ppp.EnergyManagement updateEnergySource
INFO: Current energy source: Solar
Feb 01, 2024 10:56:14 PM ppp.EnergyManagement updateEnergySource
INFO: Current energy source: Grid
Feb 01, 2024 10:56:19 PM ppp.EnergyManagement updateEnergySource
INFO: Current energy source: Grid
Feb 01, 2024 10:56:24 PM ppp.EnergyManagement updateEnergySource
INFO: Current energy source: Solar
Feb 01, 2024 10:56:29 PM ppp.EnergyManagement updateEnergySource
INFO: Current energy source: Grid
Feb 01, 2024 10:56:34 PM ppp.EnergyManagement updateEnergySource
INFO: Current energy source: Grid
Feb 01, 2024 10:56:39 PM ppp.EnergyManagement updateEnergySource
INFO: Current energy source: Solar
Feb 01, 2024 10:56:44 PM ppp.EnergyManagement updateEnergySource
INFO: Current energy source: Grid
Feb 01, 2024 10:56:49 PM ppp.EnergyManagement updateEnergySource
INFO: Current energy source: Grid
Feb 01, 2024 10:56:54 PM ppp.EnergyManagement updateEnergySource
INFO: Current energy source: Solar
Feb 01, 2024 11:02:28 PM ppp.EnergyManagement updateEnergySource
INFO: Current energy source: Grid
Feb 01, 2024 11:02:33 PM ppp.EnergyManagement updateEnergySource
INFO: Current energy source: Grid
Feb 01, 2024 11:02:38 PM ppp.EnergyManagement updateEnergySource
INFO: Current energy source: Solar
Feb 01, 2024 11:02:43 PM ppp.EnergyManagement updateEnergySource
INFO: Current energy source: Grid
Feb 01, 2024 11:02:48 PM ppp.EnergyManagement updateEnergySource
INFO: Current energy source: Grid
Feb 01, 2024 11:04:24 PM ppp.EnergyManagement updateEnergySource
INFO: Current energy source: Grid
Feb 01, 2024 11:04:29 PM ppp.EnergyManagement updateEnergySource
INFO: Current energy source: Grid
Feb 01, 2024 11:04:34 PM ppp.EnergyManagement updateEnergySource
INFO: Current energy source: Solar
Feb 01, 2024 11:04:43 PM ppp.EnergyManagement updateEnergySource
INFO: Current energy source: Grid
Feb 01, 2024 11:04:48 PM ppp.EnergyManagement updateEnergySource
INFO: Current energy source: Grid
Feb 01, 2024 11:04:53 PM ppp.EnergyManagement updateEnergySource
INFO: Current energy source: Solar
Feb 01, 2024 11:04:58 PM ppp.EnergyManagement updateEnergySource
INFO: Current energy source: Grid
Feb 01, 2024 11:05:03 PM ppp.EnergyManagement updateEnergySource
INFO: Current energy source: Grid
Feb 01, 2024 11:05:08 PM ppp.EnergyManagement updateEnergySource
INFO: Current energy source: Solar
Feb 01, 2024 11:05:13 PM ppp.EnergyManagement updateEnergySource
INFO: Current energy source: Grid
Feb 01, 2024 11:05:18 PM ppp.EnergyManagement updateEnergySource
INFO: Current energy source: Grid
Feb 01, 2024 11:05:23 PM ppp.EnergyManagement updateEnergySource
INFO: Current energy source: Solar
Feb 01, 2024 11:05:28 PM ppp.EnergyManagement updateEnergySource
INFO: Current energy source: Grid
Feb 01, 2024 11:05:33 PM ppp.EnergyManagement updateEnergySource
INFO: Current energy source: Grid
Feb 01, 2024 11:05:38 PM ppp.EnergyManagement updateEnergySource
INFO: Current energy source: Solar
Feb 01, 2024 11:05:43 PM ppp.EnergyManagement updateEnergySource
INFO: Current energy source: Grid
Feb 01, 2024 11:05:48 PM ppp.EnergyManagement updateEnergySource
INFO: Current energy source: Grid
Feb 01, 2024 11:05:53 PM ppp.EnergyManagement updateEnergySource
INFO: Current energy source: Solar
Feb 01, 2024 11:05:58 PM ppp.EnergyManagement updateEnergySource
INFO: Current energy source: Grid
Feb 01, 2024 11:06:03 PM ppp.EnergyManagement updateEnergySource
INFO: Current energy source: Grid
Feb 01, 2024 11:06:08 PM ppp.EnergyManagement updateEnergySource
INFO: Current energy source: Solar
Feb 01, 2024 11:06:13 PM ppp.EnergyManagement updateEnergySource
INFO: Current energy source: Grid
Feb 01, 2024 11:06:18 PM ppp.EnergyManagement updateEnergySource
INFO: Current energy source: Grid
Feb 01, 2024 11:06:23 PM ppp.EnergyManagement updateEnergySource
INFO: Current energy source: Solar
Feb 01, 2024 11:06:28 PM ppp.EnergyManagement updateEnergySource
INFO: Current energy source: Grid
Feb 01, 2024 11:06:33 PM ppp.EnergyManagement updateEnergySource
INFO: Current energy source: Grid
Feb 01, 2024 11:06:38 PM ppp.EnergyManagement updateEnergySource
INFO: Current energy source: Solar
Feb 01, 2024 11:06:43 PM ppp.EnergyManagement updateEnergySource
INFO: Current energy source: Grid
Feb 01, 2024 11:06:48 PM ppp.EnergyManagement updateEnergySource
INFO: Current energy source: Grid
Feb 01, 2024 11:06:53 PM ppp.EnergyManagement updateEnergySource
INFO: Current energy source: Solar
Feb 01, 2024 11:06:58 PM ppp.EnergyManagement updateEnergySource
INFO: Current energy source: Grid
Feb 01, 2024 11:07:03 PM ppp.EnergyManagement updateEnergySource
INFO: Current energy source: Grid
Feb 01, 2024 11:07:08 PM ppp.EnergyManagement updateEnergySource
INFO: Current energy source: Grid
Feb 01, 2024 11:07:13 PM ppp.EnergyManagement updateEnergySource
INFO: Current energy source: Solar
Feb 01, 2024 11:07:18 PM ppp.EnergyManagement updateEnergySource
INFO: Current energy source: Grid
Feb 01, 2024 11:07:23 PM ppp.EnergyManagement updateEnergySource
INFO: Current energy source: Grid
Feb 01, 2024 11:07:28 PM ppp.EnergyManagement updateEnergySource
INFO: Current energy source: Solar
Feb 01, 2024 11:07:33 PM ppp.EnergyManagement updateEnergySource
INFO: Current energy source: Grid
Feb 01, 2024 11:07:38 PM ppp.EnergyManagement updateEnergySource
INFO: Current energy source: Grid
Feb 01, 2024 11:07:43 PM ppp.EnergyManagement updateEnergySource
INFO: Current energy source: Solar
Feb 01, 2024 11:07:48 PM ppp.EnergyManagement updateEnergySource
INFO: Current energy source: Grid
Feb 01, 2024 11:07:53 PM ppp.EnergyManagement updateEnergySource
INFO: Current energy source: Grid
Feb 01, 2024 11:07:58 PM ppp.EnergyManagement updateEnergySource
INFO: Current energy source: Solar
Feb 01, 2024 11:08:03 PM ppp.EnergyManagement updateEnergySource
INFO: Current energy source: Grid
Feb 01, 2024 11:08:08 PM ppp.EnergyManagement updateEnergySource
INFO: Current energy source: Grid
Feb 01, 2024 11:08:13 PM ppp.EnergyManagement updateEnergySource
INFO: Current energy source: Solar
Feb 01, 2024 11:08:18 PM ppp.EnergyManagement updateEnergySource
INFO: Current energy source: Grid
Feb 01, 2024 11:08:23 PM ppp.EnergyManagement updateEnergySource
INFO: Current energy source: Grid
Feb 01, 2024 11:08:28 PM ppp.EnergyManagement updateEnergySource
INFO: Current energy source: Solar
Feb 01, 2024 11:08:33 PM ppp.EnergyManagement updateEnergySource
INFO: Current energy source: Grid
Feb 01, 2024 11:08:38 PM ppp.EnergyManagement updateEnergySource
INFO: Current energy source: Grid
Feb 01, 2024 11:08:43 PM ppp.EnergyManagement updateEnergySource
INFO: Current energy source: Solar
Feb 01, 2024 11:08:48 PM ppp.EnergyManagement updateEnergySource
INFO: Current energy source: Grid
Feb 01, 2024 11:08:53 PM ppp.EnergyManagement updateEnergySource
INFO: Current energy source: Grid
Feb 01, 2024 11:08:58 PM ppp.EnergyManagement updateEnergySource
INFO: Current energy source: Solar
Feb 01, 2024 11:09:03 PM ppp.EnergyManagement updateEnergySource
INFO: Current energy source: Grid
Feb 01, 2024 11:09:08 PM ppp.EnergyManagement updateEnergySource
INFO: Current energy source: Grid
Feb 01, 2024 11:09:13 PM ppp.EnergyManagement updateEnergySource
INFO: Current energy source: Solar
Feb 01, 2024 11:09:18 PM ppp.EnergyManagement updateEnergySource
INFO: Current energy source: Grid
Feb 01, 2024 11:09:23 PM ppp.EnergyManagement updateEnergySource
INFO: Current energy source: Grid
Feb 01, 2024 11:09:28 PM ppp.EnergyManagement updateEnergySource
INFO: Current energy source: Solar
Feb 01, 2024 11:09:33 PM ppp.EnergyManagement updateEnergySource
INFO: Current energy source: Grid
Feb 01, 2024 11:09:38 PM ppp.EnergyManagement updateEnergySource
INFO: Current energy source: Grid
Feb 01, 2024 11:09:43 PM ppp.EnergyManagement updateEnergySource
INFO: Current energy source: Solar
Feb 01, 2024 11:09:48 PM ppp.EnergyManagement updateEnergySource
INFO: Current energy source: Grid
Feb 01, 2024 11:09:53 PM ppp.EnergyManagement updateEnergySource
INFO: Current energy source: Grid
Feb 01, 2024 11:09:58 PM ppp.EnergyManagement updateEnergySource
INFO: Current energy source: Solar
Feb 01, 2024 11:10:03 PM ppp.EnergyManagement updateEnergySource
INFO: Current energy source: Grid
Feb 01, 2024 11:10:08 PM ppp.EnergyManagement updateEnergySource
INFO: Current energy source: Grid
Feb 01, 2024 11:10:13 PM ppp.EnergyManagement updateEnergySource
INFO: Current energy source: Solar
Feb 01, 2024 11:10:18 PM ppp.EnergyManagement updateEnergySource
INFO: Current energy source: Grid
Feb 01, 2024 11:10:23 PM ppp.EnergyManagement updateEnergySource
INFO: Current energy source: Grid
Feb 01, 2024 11:10:28 PM ppp.EnergyManagement updateEnergySource
INFO: Current energy source: Solar
Feb 01, 2024 11:10:33 PM ppp.EnergyManagement updateEnergySource
INFO: Current energy source: Grid
Feb 01, 2024 11:10:38 PM ppp.EnergyManagement updateEnergySource
INFO: Current energy source: Grid
Feb 01, 2024 11:10:43 PM ppp.EnergyManagement updateEnergySource
INFO: Current energy source: Solar
Feb 01, 2024 11:10:48 PM ppp.EnergyManagement updateEnergySource
INFO: Current energy source: Grid
Feb 01, 2024 11:10:53 PM ppp.EnergyManagement updateEnergySource
INFO: Current energy source: Grid
Feb 01, 2024 11:10:58 PM ppp.EnergyManagement updateEnergySource
INFO: Current energy source: Solar
Feb 01, 2024 11:11:03 PM ppp.EnergyManagement updateEnergySource
INFO: Current energy source: Grid
Feb 01, 2024 11:11:08 PM ppp.EnergyManagement updateEnergySource
INFO: Current energy source: Grid
Feb 01, 2024 11:11:13 PM ppp.EnergyManagement updateEnergySource
INFO: Current energy source: Solar
Feb 01, 2024 11:11:18 PM ppp.EnergyManagement updateEnergySource
INFO: Current energy source: Grid
Feb 01, 2024 11:11:23 PM ppp.EnergyManagement updateEnergySource
INFO: Current energy source: Grid
Feb 01, 2024 11:11:28 PM ppp.EnergyManagement updateEnergySource
INFO: Current energy source: Solar
Feb 01, 2024 11:11:33 PM ppp.EnergyManagement updateEnergySource
INFO: Current energy source: Grid
Feb 01, 2024 11:11:38 PM ppp.EnergyManagement updateEnergySource
INFO: Current energy source: Grid
Feb 01, 2024 11:11:43 PM ppp.EnergyManagement updateEnergySource
INFO: Current energy source: Solar
Feb 01, 2024 11:11:48 PM ppp.EnergyManagement updateEnergySource
INFO: Current energy source: Grid
Feb 01, 2024 11:11:53 PM ppp.EnergyManagement updateEnergySource
INFO: Current energy source: Grid
Feb 01, 2024 11:11:58 PM ppp.EnergyManagement updateEnergySource
INFO: Current energy source: Solar
Feb 01, 2024 11:12:04 PM ppp.EnergyManagement updateEnergySource
INFO: Current energy source: Grid
Feb 01, 2024 11:12:09 PM ppp.EnergyManagement updateEnergySource
INFO: Current energy source: Grid
Feb 01, 2024 11:12:14 PM ppp.EnergyManagement updateEnergySource
INFO: Current energy source: Solar
Feb 01, 2024 11:12:19 PM ppp.EnergyManagement updateEnergySource
INFO: Current energy source: Grid
Feb 01, 2024 11:12:24 PM ppp.EnergyManagement updateEnergySource
INFO: Current energy source: Grid
Feb 01, 2024 11:12:29 PM ppp.EnergyManagement updateEnergySource
INFO: Current energy source: Solar
Feb 01, 2024 11:12:34 PM ppp.EnergyManagement updateEnergySource
INFO: Current energy source: Grid
Feb 01, 2024 11:12:39 PM ppp.EnergyManagement updateEnergySource
INFO: Current energy source: Grid
Feb 01, 2024 11:12:44 PM ppp.EnergyManagement updateEnergySource
INFO: Current energy source: Solar
Feb 01, 2024 11:12:49 PM ppp.EnergyManagement updateEnergySource
INFO: Current energy source: Grid
Feb 01, 2024 11:12:54 PM ppp.EnergyManagement updateEnergySource
INFO: Current energy source: Grid
Feb 01, 2024 11:12:59 PM ppp.EnergyManagement updateEnergySource
INFO: Current energy source: Solar
Feb 01, 2024 11:13:04 PM ppp.EnergyManagement updateEnergySource
INFO: Current energy source: Grid
Feb 01, 2024 11:13:09 PM ppp.EnergyManagement updateEnergySource
INFO: Current energy source: Grid
Feb 01, 2024 11:13:14 PM ppp.EnergyManagement updateEnergySource
INFO: Current energy source: Solar
Feb 01, 2024 11:13:19 PM ppp.EnergyManagement updateEnergySource
INFO: Current energy source: Grid
Feb 01, 2024 11:13:24 PM ppp.EnergyManagement updateEnergySource
INFO: Current energy source: Grid
Feb 01, 2024 11:13:29 PM ppp.EnergyManagement updateEnergySource
INFO: Current energy source: Solar
Feb 01, 2024 11:13:34 PM ppp.EnergyManagement updateEnergySource
INFO: Current energy source: Grid
Feb 01, 2024 11:13:39 PM ppp.EnergyManagement updateEnergySource
INFO: Current energy source: Grid
Feb 01, 2024 11:13:44 PM ppp.EnergyManagement updateEnergySource
INFO: Current energy source: Solar
Feb 01, 2024 11:13:49 PM ppp.EnergyManagement updateEnergySource
INFO: Current energy source: Grid
Feb 01, 2024 11:13:54 PM ppp.EnergyManagement updateEnergySource
INFO: Current energy source: Grid
Feb 01, 2024 11:13:59 PM ppp.EnergyManagement updateEnergySource
INFO: Current energy source: Solar
Feb 01, 2024 11:14:04 PM ppp.EnergyManagement updateEnergySource
INFO: Current energy source: Grid
Feb 01, 2024 11:14:09 PM ppp.EnergyManagement updateEnergySource
INFO: Current energy source: Grid
Feb 01, 2024 11:14:14 PM ppp.EnergyManagement updateEnergySource
INFO: Current energy source: Solar
Feb 01, 2024 11:14:23 PM ppp.EnergyManagement updateEnergySource
INFO: Current energy source: Grid
Feb 01, 2024 11:14:28 PM ppp.EnergyManagement updateEnergySource
INFO: Current energy source: Grid
Feb 01, 2024 11:14:33 PM ppp.EnergyManagement updateEnergySource
INFO: Current energy source: Solar
Feb 01, 2024 11:14:38 PM ppp.EnergyManagement updateEnergySource
INFO: Current energy source: Grid
Feb 01, 2024 11:14:43 PM ppp.EnergyManagement updateEnergySource
INFO: Current energy source: Grid
Feb 01, 2024 11:14:48 PM ppp.EnergyManagement updateEnergySource
INFO: Current energy source: Solar
Feb 01, 2024 11:14:53 PM ppp.EnergyManagement updateEnergySource
INFO: Current energy source: Grid
Feb 01, 2024 11:14:58 PM ppp.EnergyManagement updateEnergySource
INFO: Current energy source: Grid
Feb 01, 2024 11:15:03 PM ppp.EnergyManagement updateEnergySource
INFO: Current energy source: Solar
Feb 01, 2024 11:15:08 PM ppp.EnergyManagement updateEnergySource
INFO: Current energy source: Grid
Feb 01, 2024 11:15:13 PM ppp.EnergyManagement updateEnergySource
INFO: Current energy source: Grid
Feb 01, 2024 11:15:18 PM ppp.EnergyManagement updateEnergySource
INFO: Current energy source: Solar
Feb 01, 2024 11:15:23 PM ppp.EnergyManagement updateEnergySource
INFO: Current energy source: Grid
Feb 01, 2024 11:15:28 PM ppp.EnergyManagement updateEnergySource
INFO: Current energy source: Grid
Feb 01, 2024 11:15:33 PM ppp.EnergyManagement updateEnergySource
INFO: Current energy source: Solar
Feb 01, 2024 11:15:38 PM ppp.EnergyManagement updateEnergySource
INFO: Current energy source: Grid
Feb 01, 2024 11:15:43 PM ppp.EnergyManagement updateEnergySource
INFO: Current energy source: Grid
Feb 01, 2024 11:15:48 PM ppp.EnergyManagement updateEnergySource
INFO: Current energy source: Solar
Feb 01, 2024 11:15:53 PM ppp.EnergyManagement updateEnergySource
INFO: Current energy source: Grid
Feb 01, 2024 11:15:58 PM ppp.EnergyManagement updateEnergySource
INFO: Current energy source: Grid
Feb 01, 2024 11:16:03 PM ppp.EnergyManagement updateEnergySource
INFO: Current energy source: Solar
Feb 01, 2024 11:16:08 PM ppp.EnergyManagement updateEnergySource
INFO: Current energy source: Grid
Feb 01, 2024 11:16:13 PM ppp.EnergyManagement updateEnergySource
INFO: Current energy source: Grid
Feb 01, 2024 11:16:18 PM ppp.EnergyManagement updateEnergySource
INFO: Current energy source: Solar
Feb 01, 2024 11:16:23 PM ppp.EnergyManagement updateEnergySource
INFO: Current energy source: Grid
Feb 01, 2024 11:16:28 PM ppp.EnergyManagement updateEnergySource
INFO: Current energy source: Grid
Feb 01, 2024 11:16:33 PM ppp.EnergyManagement updateEnergySource
INFO: Current energy source: Solar
Feb 01, 2024 11:16:38 PM ppp.EnergyManagement updateEnergySource
INFO: Current energy source: Grid
Feb 01, 2024 11:16:43 PM ppp.EnergyManagement updateEnergySource
INFO: Current energy source: Grid
Feb 01, 2024 11:16:48 PM ppp.EnergyManagement updateEnergySource
INFO: Current energy source: Solar
Feb 01, 2024 11:16:53 PM ppp.EnergyManagement updateEnergySource
INFO: Current energy source: Grid
Feb 01, 2024 11:16:58 PM ppp.EnergyManagement updateEnergySource
INFO: Current energy source: Grid
Feb 01, 2024 11:17:03 PM ppp.EnergyManagement updateEnergySource
INFO: Current energy source: Solar
Feb 01, 2024 11:17:08 PM ppp.EnergyManagement updateEnergySource
INFO: Current energy source: Grid
Feb 01, 2024 11:17:13 PM ppp.EnergyManagement updateEnergySource
INFO: Current energy source: Grid
Feb 01, 2024 11:17:18 PM ppp.EnergyManagement updateEnergySource
INFO: Current energy source: Solar
Feb 01, 2024 11:17:23 PM ppp.EnergyManagement updateEnergySource
INFO: Current energy source: Grid
Feb 01, 2024 11:17:28 PM ppp.EnergyManagement updateEnergySource
INFO: Current energy source: Grid
Feb 01, 2024 11:17:33 PM ppp.EnergyManagement updateEnergySource
INFO: Current energy source: Solar
Feb 01, 2024 11:17:38 PM ppp.EnergyManagement updateEnergySource
INFO: Current energy source: Grid
Feb 01, 2024 11:17:43 PM ppp.EnergyManagement updateEnergySource
INFO: Current energy source: Grid
Feb 01, 2024 11:17:48 PM ppp.EnergyManagement updateEnergySource
INFO: Current energy source: Solar
Feb 01, 2024 11:17:53 PM ppp.EnergyManagement updateEnergySource
INFO: Current energy source: Grid
Feb 01, 2024 11:17:58 PM ppp.EnergyManagement updateEnergySource
INFO: Current energy source: Grid
Feb 01, 2024 11:18:03 PM ppp.EnergyManagement updateEnergySource
INFO: Current energy source: Solar
Feb 01, 2024 11:18:08 PM ppp.EnergyManagement updateEnergySource
INFO: Current energy source: Grid
Feb 01, 2024 11:18:13 PM ppp.EnergyManagement updateEnergySource
INFO: Current energy source: Grid
Feb 01, 2024 11:18:18 PM ppp.EnergyManagement updateEnergySource
INFO: Current energy source: Solar
Feb 01, 2024 11:18:23 PM ppp.EnergyManagement updateEnergySource
INFO: Current energy source: Grid
Feb 01, 2024 11:18:28 PM ppp.EnergyManagement updateEnergySource
INFO: Current energy source: Grid
Feb 01, 2024 11:18:33 PM ppp.EnergyManagement updateEnergySource
INFO: Current energy source: Solar
Feb 01, 2024 11:18:38 PM ppp.EnergyManagement updateEnergySource
INFO: Current energy source: Grid
Feb 01, 2024 11:18:43 PM ppp.EnergyManagement updateEnergySource
INFO: Current energy source: Grid
Feb 01, 2024 11:18:48 PM ppp.EnergyManagement updateEnergySource
INFO: Current energy source: Solar
Feb 01, 2024 11:18:53 PM ppp.EnergyManagement updateEnergySource
INFO: Current energy source: Grid
Feb 01, 2024 11:18:58 PM ppp.EnergyManagement updateEnergySource
INFO: Current energy source: Grid
Feb 01, 2024 11:19:03 PM ppp.EnergyManagement updateEnergySource
INFO: Current energy source: Solar
Feb 01, 2024 11:19:08 PM ppp.EnergyManagement updateEnergySource
INFO: Current energy source: Grid
Feb 01, 2024 11:19:13 PM ppp.EnergyManagement updateEnergySource
INFO: Current energy source: Grid
Feb 01, 2024 11:19:18 PM ppp.EnergyManagement updateEnergySource
INFO: Current energy source: Solar
Feb 01, 2024 11:19:23 PM ppp.EnergyManagement updateEnergySource
INFO: Current energy source: Grid
Feb 01, 2024 11:19:28 PM ppp.EnergyManagement updateEnergySource
INFO: Current energy source: Grid
Feb 01, 2024 11:19:33 PM ppp.EnergyManagement updateEnergySource
INFO: Current energy source: Solar
Feb 01, 2024 11:19:38 PM ppp.EnergyManagement updateEnergySource
INFO: Current energy source: Grid
Feb 01, 2024 11:19:43 PM ppp.EnergyManagement updateEnergySource
INFO: Current energy source: Grid
Feb 01, 2024 11:19:48 PM ppp.EnergyManagement updateEnergySource
INFO: Current energy source: Solar
Feb 01, 2024 11:19:53 PM ppp.EnergyManagement updateEnergySource
INFO: Current energy source: Grid
Feb 01, 2024 11:19:58 PM ppp.EnergyManagement updateEnergySource
INFO: Current energy source: Grid
Feb 01, 2024 11:20:03 PM ppp.EnergyManagement updateEnergySource
INFO: Current energy source: Solar
Feb 01, 2024 11:20:08 PM ppp.EnergyManagement updateEnergySource
INFO: Current energy source: Grid
Feb 01, 2024 11:20:13 PM ppp.EnergyManagement updateEnergySource
INFO: Current energy source: Grid
Feb 01, 2024 11:20:18 PM ppp.EnergyManagement updateEnergySource
INFO: Current energy source: Solar
Feb 01, 2024 11:20:23 PM ppp.EnergyManagement updateEnergySource
INFO: Current energy source: Grid
Feb 01, 2024 11:20:28 PM ppp.EnergyManagement updateEnergySource
INFO: Current energy source: Grid
Feb 01, 2024 11:20:33 PM ppp.EnergyManagement updateEnergySource
INFO: Current energy source: Solar
Feb 01, 2024 11:20:38 PM ppp.EnergyManagement updateEnergySource
INFO: Current energy source: Grid
Feb 01, 2024 11:20:43 PM ppp.EnergyManagement updateEnergySource
INFO: Current energy source: Grid
Feb 01, 2024 11:20:48 PM ppp.EnergyManagement updateEnergySource
INFO: Current energy source: Solar
Feb 01, 2024 11:20:53 PM ppp.EnergyManagement updateEnergySource
INFO: Current energy source: Grid
Feb 01, 2024 11:20:58 PM ppp.EnergyManagement updateEnergySource
INFO: Current energy source: Grid
Feb 01, 2024 11:21:03 PM ppp.EnergyManagement updateEnergySource
INFO: Current energy source: Solar
Feb 01, 2024 11:21:08 PM ppp.EnergyManagement updateEnergySource
INFO: Current energy source: Grid
Feb 01, 2024 11:21:13 PM ppp.EnergyManagement updateEnergySource
INFO: Current energy source: Grid
Feb 01, 2024 11:21:18 PM ppp.EnergyManagement updateEnergySource
INFO: Current energy source: Solar
Feb 01, 2024 11:21:23 PM ppp.EnergyManagement updateEnergySource
INFO: Current energy source: Grid
Feb 01, 2024 11:21:28 PM ppp.EnergyManagement updateEnergySource
INFO: Current energy source: Grid
Feb 01, 2024 11:21:33 PM ppp.EnergyManagement updateEnergySource
INFO: Current energy source: Solar
Feb 01, 2024 11:21:38 PM ppp.EnergyManagement updateEnergySource
INFO: Current energy source: Grid
Feb 01, 2024 11:21:43 PM ppp.EnergyManagement updateEnergySource
INFO: Current energy source: Grid
Feb 01, 2024 11:21:48 PM ppp.EnergyManagement updateEnergySource
INFO: Current energy source: Solar
Feb 01, 2024 11:21:53 PM ppp.EnergyManagement updateEnergySource
INFO: Current energy source: Grid
Feb 01, 2024 11:21:58 PM ppp.EnergyManagement updateEnergySource
INFO: Current energy source: Grid
Feb 01, 2024 11:22:03 PM ppp.EnergyManagement updateEnergySource
INFO: Current energy source: Solar
Feb 01, 2024 11:22:08 PM ppp.EnergyManagement updateEnergySource
INFO: Current energy source: Grid
Feb 01, 2024 11:22:13 PM ppp.EnergyManagement updateEnergySource
INFO: Current energy source: Grid
Feb 01, 2024 11:22:18 PM ppp.EnergyManagement updateEnergySource
INFO: Current energy source: Solar
Feb 01, 2024 11:22:23 PM ppp.EnergyManagement updateEnergySource
INFO: Current energy source: Grid
Feb 01, 2024 11:22:28 PM ppp.EnergyManagement updateEnergySource
INFO: Current energy source: Grid
Feb 01, 2024 11:22:33 PM ppp.EnergyManagement updateEnergySource
INFO: Current energy source: Solar
Feb 01, 2024 11:22:38 PM ppp.EnergyManagement updateEnergySource
INFO: Current energy source: Grid
Feb 01, 2024 11:22:43 PM ppp.EnergyManagement updateEnergySource
INFO: Current energy source: Grid
Feb 01, 2024 11:22:48 PM ppp.EnergyManagement updateEnergySource
INFO: Current energy source: Solar
Feb 01, 2024 11:22:53 PM ppp.EnergyManagement updateEnergySource
INFO: Current energy source: Grid
Feb 01, 2024 11:22:58 PM ppp.EnergyManagement updateEnergySource
INFO: Current energy source: Grid
Feb 01, 2024 11:23:03 PM ppp.EnergyManagement updateEnergySource
INFO: Current energy source: Solar
Feb 01, 2024 11:23:08 PM ppp.EnergyManagement updateEnergySource
INFO: Current energy source: Grid
Feb 01, 2024 11:23:13 PM ppp.EnergyManagement updateEnergySource
INFO: Current energy source: Grid
Feb 01, 2024 11:23:18 PM ppp.EnergyManagement updateEnergySource
INFO: Current energy source: Solar
Feb 01, 2024 11:23:23 PM ppp.EnergyManagement updateEnergySource
INFO: Current energy source: Grid
Feb 01, 2024 11:23:28 PM ppp.EnergyManagement updateEnergySource
INFO: Current energy source: Grid
Feb 01, 2024 11:23:33 PM ppp.EnergyManagement updateEnergySource
INFO: Current energy source: Solar
Feb 01, 2024 11:23:38 PM ppp.EnergyManagement updateEnergySource
INFO: Current energy source: Grid
Feb 01, 2024 11:23:43 PM ppp.EnergyManagement updateEnergySource
INFO: Current energy source: Grid
Feb 01, 2024 11:23:48 PM ppp.EnergyManagement updateEnergySource
INFO: Current energy source: Solar
Feb 01, 2024 11:23:53 PM ppp.EnergyManagement updateEnergySource
INFO: Current energy source: Grid
Feb 01, 2024 11:23:58 PM ppp.EnergyManagement updateEnergySource
INFO: Current energy source: Grid
Feb 01, 2024 11:24:03 PM ppp.EnergyManagement updateEnergySource
INFO: Current energy source: Solar
Feb 01, 2024 11:24:08 PM ppp.EnergyManagement updateEnergySource
INFO: Current energy source: Grid
Feb 01, 2024 11:24:13 PM ppp.EnergyManagement updateEnergySource
INFO: Current energy source: Grid
Feb 01, 2024 11:24:18 PM ppp.EnergyManagement updateEnergySource
INFO: Current energy source: Solar
Feb 01, 2024 11:24:23 PM ppp.EnergyManagement updateEnergySource
INFO: Current energy source: Grid
Feb 01, 2024 11:24:28 PM ppp.EnergyManagement updateEnergySource
INFO: Current energy source: Grid
Feb 01, 2024 11:24:33 PM ppp.EnergyManagement updateEnergySource
INFO: Current energy source: Solar
Feb 01, 2024 11:24:38 PM ppp.EnergyManagement updateEnergySource
INFO: Current energy source: Grid
Feb 01, 2024 11:24:43 PM ppp.EnergyManagement updateEnergySource
INFO: Current energy source: Grid
Feb 01, 2024 11:24:48 PM ppp.EnergyManagement updateEnergySource
INFO: Current energy source: Solar
Feb 01, 2024 11:24:53 PM ppp.EnergyManagement updateEnergySource
INFO: Current energy source: Grid
Feb 01, 2024 11:24:58 PM ppp.EnergyManagement updateEnergySource
INFO: Current energy source: Grid
Feb 01, 2024 11:25:03 PM ppp.EnergyManagement updateEnergySource
INFO: Current energy source: Solar
Feb 01, 2024 11:25:08 PM ppp.EnergyManagement updateEnergySource
INFO: Current energy source: Grid
Feb 01, 2024 11:25:13 PM ppp.EnergyManagement updateEnergySource
INFO: Current energy source: Grid
Feb 01, 2024 11:25:18 PM ppp.EnergyManagement updateEnergySource
INFO: Current energy source: Solar
Feb 01, 2024 11:25:23 PM ppp.EnergyManagement updateEnergySource
INFO: Current energy source: Grid
Feb 01, 2024 11:25:28 PM ppp.EnergyManagement updateEnergySource
INFO: Current energy source: Grid
Feb 01, 2024 11:25:33 PM ppp.EnergyManagement updateEnergySource
INFO: Current energy source: Solar
Feb 01, 2024 11:25:38 PM ppp.EnergyManagement updateEnergySource
INFO: Current energy source: Grid
Feb 01, 2024 11:25:43 PM ppp.EnergyManagement updateEnergySource
INFO: Current energy source: Grid
Feb 01, 2024 11:25:48 PM ppp.EnergyManagement updateEnergySource
INFO: Current energy source: Solar
Feb 01, 2024 11:25:53 PM ppp.EnergyManagement updateEnergySource
INFO: Current energy source: Grid
Feb 01, 2024 11:25:58 PM ppp.EnergyManagement updateEnergySource
INFO: Current energy source: Grid
Feb 01, 2024 11:26:36 PM ppp.EnergyManagement updateEnergySource
INFO: Current energy source: Grid
Feb 01, 2024 11:26:41 PM ppp.EnergyManagement updateEnergySource
INFO: Current energy source: Grid
Feb 01, 2024 11:26:46 PM ppp.EnergyManagement updateEnergySource
INFO: Current energy source: Solar
Feb 01, 2024 11:26:51 PM ppp.EnergyManagement updateEnergySource
INFO: Current energy source: Grid
Feb 01, 2024 11:26:56 PM ppp.EnergyManagement updateEnergySource
INFO: Current energy source: Grid
Feb 01, 2024 11:27:01 PM ppp.EnergyManagement updateEnergySource
INFO: Current energy source: Solar
Feb 01, 2024 11:27:06 PM ppp.EnergyManagement updateEnergySource
INFO: Current energy source: Grid
Feb 01, 2024 11:27:11 PM ppp.EnergyManagement updateEnergySource
INFO: Current energy source: Grid
Feb 01, 2024 11:27:16 PM ppp.EnergyManagement updateEnergySource
INFO: Current energy source: Solar
Feb 01, 2024 11:27:21 PM ppp.EnergyManagement updateEnergySource
INFO: Current energy source: Grid
Feb 01, 2024 11:27:26 PM ppp.EnergyManagement updateEnergySource
INFO: Current energy source: Grid
Feb 01, 2024 11:27:31 PM ppp.EnergyManagement updateEnergySource
INFO: Current energy source: Solar
Feb 01, 2024 11:27:36 PM ppp.EnergyManagement updateEnergySource
INFO: Current energy source: Grid
Feb 01, 2024 11:27:41 PM ppp.EnergyManagement updateEnergySource
INFO: Current energy source: Grid
Feb 01, 2024 11:27:46 PM ppp.EnergyManagement updateEnergySource
INFO: Current energy source: Solar
Feb 01, 2024 11:27:51 PM ppp.EnergyManagement updateEnergySource
INFO: Current energy source: Grid
Feb 01, 2024 11:27:56 PM ppp.EnergyManagement updateEnergySource
INFO: Current energy source: Grid
Feb 01, 2024 11:28:01 PM ppp.EnergyManagement updateEnergySource
INFO: Current energy source: Solar
Feb 01, 2024 11:28:06 PM ppp.EnergyManagement updateEnergySource
INFO: Current energy source: Grid
Feb 01, 2024 11:28:11 PM ppp.EnergyManagement updateEnergySource
INFO: Current energy source: Grid
Feb 01, 2024 11:28:16 PM ppp.EnergyManagement updateEnergySource
INFO: Current energy source: Solar
Feb 01, 2024 11:28:21 PM ppp.EnergyManagement updateEnergySource
INFO: Current energy source: Grid
Feb 01, 2024 11:28:26 PM ppp.EnergyManagement updateEnergySource
INFO: Current energy source: Grid
Feb 01, 2024 11:28:33 PM ppp.EnergyManagement updateEnergySource
INFO: Current energy source: Grid
Feb 01, 2024 11:28:38 PM ppp.EnergyManagement updateEnergySource
INFO: Current energy source: Grid
Feb 01, 2024 11:28:43 PM ppp.EnergyManagement updateEnergySource
INFO: Current energy source: Solar
Feb 01, 2024 11:28:48 PM ppp.EnergyManagement updateEnergySource
INFO: Current energy source: Grid
Feb 01, 2024 11:28:53 PM ppp.EnergyManagement updateEnergySource
INFO: Current energy source: Grid
Feb 01, 2024 11:28:58 PM ppp.EnergyManagement updateEnergySource
INFO: Current energy source: Solar
Feb 01, 2024 11:29:03 PM ppp.EnergyManagement updateEnergySource
INFO: Current energy source: Grid
Feb 01, 2024 11:29:08 PM ppp.EnergyManagement updateEnergySource
INFO: Current energy source: Grid
Feb 01, 2024 11:29:13 PM ppp.EnergyManagement updateEnergySource
INFO: Current energy source: Solar
Feb 01, 2024 11:29:18 PM ppp.EnergyManagement updateEnergySource
INFO: Current energy source: Grid
Feb 01, 2024 11:29:23 PM ppp.EnergyManagement updateEnergySource
INFO: Current energy source: Grid
Feb 01, 2024 11:29:28 PM ppp.EnergyManagement updateEnergySource
INFO: Current energy source: Solar
Feb 01, 2024 11:29:33 PM ppp.EnergyManagement updateEnergySource
INFO: Current energy source: Grid
Feb 01, 2024 11:29:38 PM ppp.EnergyManagement updateEnergySource
INFO: Current energy source: Grid
Feb 01, 2024 11:29:43 PM ppp.EnergyManagement updateEnergySource
INFO: Current energy source: Solar
Feb 01, 2024 11:29:48 PM ppp.EnergyManagement updateEnergySource
INFO: Current energy source: Grid
Feb 01, 2024 11:29:53 PM ppp.EnergyManagement updateEnergySource
INFO: Current energy source: Grid
Feb 01, 2024 11:29:58 PM ppp.EnergyManagement updateEnergySource
INFO: Current energy source: Solar
Feb 01, 2024 11:30:03 PM ppp.EnergyManagement updateEnergySource
INFO: Current energy source: Grid
Feb 01, 2024 11:30:08 PM ppp.EnergyManagement updateEnergySource
INFO: Current energy source: Grid
Feb 01, 2024 11:30:13 PM ppp.EnergyManagement updateEnergySource
INFO: Current energy source: Solar
Feb 01, 2024 11:30:19 PM ppp.EnergyManagement updateEnergySource
INFO: Current energy source: Grid
Feb 01, 2024 11:30:24 PM ppp.EnergyManagement updateEnergySource
INFO: Current energy source: Grid
Feb 01, 2024 11:30:29 PM ppp.EnergyManagement updateEnergySource
INFO: Current energy source: Solar
Feb 01, 2024 11:30:34 PM ppp.EnergyManagement updateEnergySource
INFO: Current energy source: Grid
Feb 01, 2024 11:30:39 PM ppp.EnergyManagement updateEnergySource
INFO: Current energy source: Grid
Feb 01, 2024 11:30:44 PM ppp.EnergyManagement updateEnergySource
INFO: Current energy source: Solar
Feb 01, 2024 11:30:49 PM ppp.EnergyManagement updateEnergySource
INFO: Current energy source: Grid
Feb 01, 2024 11:30:54 PM ppp.EnergyManagement updateEnergySource
INFO: Current energy source: Grid
Feb 01, 2024 11:30:59 PM ppp.EnergyManagement updateEnergySource
INFO: Current energy source: Solar
Feb 01, 2024 11:31:04 PM ppp.EnergyManagement updateEnergySource
INFO: Current energy source: Grid
Feb 01, 2024 11:31:09 PM ppp.EnergyManagement updateEnergySource
INFO: Current energy source: Grid
Feb 01, 2024 11:31:14 PM ppp.EnergyManagement updateEnergySource
INFO: Current energy source: Solar
Feb 01, 2024 11:31:19 PM ppp.EnergyManagement updateEnergySource
INFO: Current energy source: Grid
Feb 01, 2024 11:31:24 PM ppp.EnergyManagement updateEnergySource
INFO: Current energy source: Grid
Feb 01, 2024 11:31:29 PM ppp.EnergyManagement updateEnergySource
INFO: Current energy source: Solar
Feb 01, 2024 11:31:34 PM ppp.EnergyManagement updateEnergySource
INFO: Current energy source: Grid
Feb 01, 2024 11:31:39 PM ppp.EnergyManagement updateEnergySource
INFO: Current energy source: Grid
Feb 01, 2024 11:31:44 PM ppp.EnergyManagement updateEnergySource
INFO: Current energy source: Solar
Feb 01, 2024 11:31:49 PM ppp.EnergyManagement updateEnergySource
INFO: Current energy source: Grid
Feb 01, 2024 11:31:54 PM ppp.EnergyManagement updateEnergySource
INFO: Current energy source: Grid
Feb 01, 2024 11:31:59 PM ppp.EnergyManagement updateEnergySource
INFO: Current energy source: Solar
Feb 01, 2024 11:32:04 PM ppp.EnergyManagement updateEnergySource
INFO: Current energy source: Grid
Feb 01, 2024 11:32:09 PM ppp.EnergyManagement updateEnergySource
INFO: Current energy source: Grid
Feb 01, 2024 11:32:14 PM ppp.EnergyManagement updateEnergySource
INFO: Current energy source: Solar
Feb 01, 2024 11:32:19 PM ppp.EnergyManagement updateEnergySource
INFO: Current energy source: Grid
Feb 01, 2024 11:32:24 PM ppp.EnergyManagement updateEnergySource
INFO: Current energy source: Grid
Feb 01, 2024 11:32:29 PM ppp.EnergyManagement updateEnergySource
INFO: Current energy source: Solar
Feb 01, 2024 11:32:34 PM ppp.EnergyManagement updateEnergySource
INFO: Current energy source: Grid
Feb 01, 2024 11:32:39 PM ppp.EnergyManagement updateEnergySource
INFO: Current energy source: Grid
Feb 01, 2024 11:32:44 PM ppp.EnergyManagement updateEnergySource
INFO: Current energy source: Solar
Feb 01, 2024 11:32:49 PM ppp.EnergyManagement updateEnergySource
INFO: Current energy source: Grid
Feb 01, 2024 11:32:54 PM ppp.EnergyManagement updateEnergySource
INFO: Current energy source: Grid
Feb 01, 2024 11:32:59 PM ppp.EnergyManagement updateEnergySource
INFO: Current energy source: Solar
Feb 01, 2024 11:33:04 PM ppp.EnergyManagement updateEnergySource
INFO: Current energy source: Grid
Feb 01, 2024 11:33:09 PM ppp.EnergyManagement updateEnergySource
INFO: Current energy source: Grid
Feb 01, 2024 11:33:14 PM ppp.EnergyManagement updateEnergySource
INFO: Current energy source: Solar
Feb 01, 2024 11:33:19 PM ppp.EnergyManagement updateEnergySource
INFO: Current energy source: Grid
Feb 01, 2024 11:33:24 PM ppp.EnergyManagement updateEnergySource
INFO: Current energy source: Grid
Feb 01, 2024 11:33:29 PM ppp.EnergyManagement updateEnergySource
INFO: Current energy source: Solar
Feb 01, 2024 11:33:34 PM ppp.EnergyManagement updateEnergySource
INFO: Current energy source: Grid
Feb 01, 2024 11:33:39 PM ppp.EnergyManagement updateEnergySource
INFO: Current energy source: Grid
Feb 01, 2024 11:33:44 PM ppp.EnergyManagement updateEnergySource
INFO: Current energy source: Solar
Feb 01, 2024 11:33:49 PM ppp.EnergyManagement updateEnergySource
INFO: Current energy source: Grid
Feb 01, 2024 11:33:54 PM ppp.EnergyManagement updateEnergySource
INFO: Current energy source: Grid
Feb 01, 2024 11:33:59 PM ppp.EnergyManagement updateEnergySource
INFO: Current energy source: Solar
Feb 01, 2024 11:34:04 PM ppp.EnergyManagement updateEnergySource
INFO: Current energy source: Grid
Feb 01, 2024 11:34:09 PM ppp.EnergyManagement updateEnergySource
INFO: Current energy source: Grid
Feb 01, 2024 11:34:14 PM ppp.EnergyManagement updateEnergySource
INFO: Current energy source: Solar
Feb 01, 2024 11:34:19 PM ppp.EnergyManagement updateEnergySource
INFO: Current energy source: Grid
Feb 01, 2024 11:34:24 PM ppp.EnergyManagement updateEnergySource
INFO: Current energy source: Grid
Feb 01, 2024 11:34:29 PM ppp.EnergyManagement updateEnergySource
INFO: Current energy source: Solar
Feb 01, 2024 11:34:34 PM ppp.EnergyManagement updateEnergySource
INFO: Current energy source: Grid
Feb 01, 2024 11:34:39 PM ppp.EnergyManagement updateEnergySource
INFO: Current energy source: Grid
Feb 01, 2024 11:34:44 PM ppp.EnergyManagement updateEnergySource
INFO: Current energy source: Solar
Feb 01, 2024 11:34:49 PM ppp.EnergyManagement updateEnergySource
INFO: Current energy source: Grid
Feb 01, 2024 11:34:54 PM ppp.EnergyManagement updateEnergySource
INFO: Current energy source: Grid
Feb 01, 2024 11:34:59 PM ppp.EnergyManagement updateEnergySource
INFO: Current energy source: Solar
Feb 01, 2024 11:35:04 PM ppp.EnergyManagement updateEnergySource
INFO: Current energy source: Grid
Feb 01, 2024 11:35:09 PM ppp.EnergyManagement updateEnergySource
INFO: Current energy source: Grid
Feb 01, 2024 11:35:14 PM ppp.EnergyManagement updateEnergySource
INFO: Current energy source: Solar
Feb 01, 2024 11:35:19 PM ppp.EnergyManagement updateEnergySource
INFO: Current energy source: Grid
Feb 01, 2024 11:35:24 PM ppp.EnergyManagement updateEnergySource
INFO: Current energy source: Grid
Feb 01, 2024 11:35:29 PM ppp.EnergyManagement updateEnergySource
INFO: Current energy source: Solar
Feb 01, 2024 11:35:34 PM ppp.EnergyManagement updateEnergySource
INFO: Current energy source: Grid
Feb 01, 2024 11:35:39 PM ppp.EnergyManagement updateEnergySource
INFO: Current energy source: Grid
Feb 01, 2024 11:35:44 PM ppp.EnergyManagement updateEnergySource
INFO: Current energy source: Solar
Feb 01, 2024 11:35:49 PM ppp.EnergyManagement updateEnergySource
INFO: Current energy source: Grid
Feb 01, 2024 11:35:54 PM ppp.EnergyManagement updateEnergySource
INFO: Current energy source: Grid
Feb 01, 2024 11:35:59 PM ppp.EnergyManagement updateEnergySource
INFO: Current energy source: Solar
Feb 01, 2024 11:36:04 PM ppp.EnergyManagement updateEnergySource
INFO: Current energy source: Grid
Feb 01, 2024 11:36:09 PM ppp.EnergyManagement updateEnergySource
INFO: Current energy source: Grid
Feb 01, 2024 11:36:14 PM ppp.EnergyManagement updateEnergySource
INFO: Current energy source: Solar
Feb 01, 2024 11:36:19 PM ppp.EnergyManagement updateEnergySource
INFO: Current energy source: Grid
Feb 01, 2024 11:36:27 PM ppp.EnergyManagement updateEnergySource
INFO: Current energy source: Grid
Feb 01, 2024 11:36:32 PM ppp.EnergyManagement updateEnergySource
INFO: Current energy source: Grid
Feb 01, 2024 11:36:37 PM ppp.EnergyManagement updateEnergySource
INFO: Current energy source: Solar
Feb 01, 2024 11:36:42 PM ppp.EnergyManagement updateEnergySource
INFO: Current energy source: Grid
Feb 01, 2024 11:36:47 PM ppp.EnergyManagement updateEnergySource
INFO: Current energy source: Grid
Feb 01, 2024 11:36:52 PM ppp.EnergyManagement updateEnergySource
INFO: Current energy source: Solar
Feb 01, 2024 11:36:57 PM ppp.EnergyManagement updateEnergySource
INFO: Current energy source: Grid
Feb 01, 2024 11:37:02 PM ppp.EnergyManagement updateEnergySource
INFO: Current energy source: Grid
Feb 01, 2024 11:37:07 PM ppp.EnergyManagement updateEnergySource
INFO: Current energy source: Solar
Feb 01, 2024 11:37:12 PM ppp.EnergyManagement updateEnergySource
INFO: Current energy source: Grid
Feb 01, 2024 11:37:17 PM ppp.EnergyManagement updateEnergySource
INFO: Current energy source: Grid
Feb 01, 2024 11:37:22 PM ppp.EnergyManagement updateEnergySource
INFO: Current energy source: Solar
Feb 01, 2024 11:37:27 PM ppp.EnergyManagement updateEnergySource
INFO: Current energy source: Grid
Feb 01, 2024 11:37:32 PM ppp.EnergyManagement updateEnergySource
INFO: Current energy source: Grid
Feb 01, 2024 11:37:37 PM ppp.EnergyManagement updateEnergySource
INFO: Current energy source: Solar
Feb 01, 2024 11:37:42 PM ppp.EnergyManagement updateEnergySource
INFO: Current energy source: Grid
Feb 01, 2024 11:37:47 PM ppp.EnergyManagement updateEnergySource
INFO: Current energy source: Grid
Feb 01, 2024 11:37:52 PM ppp.EnergyManagement updateEnergySource
INFO: Current energy source: Solar
Feb 01, 2024 11:37:57 PM ppp.EnergyManagement updateEnergySource
INFO: Current energy source: Grid
Feb 01, 2024 11:38:02 PM ppp.EnergyManagement updateEnergySource
INFO: Current energy source: Grid
Feb 01, 2024 11:38:07 PM ppp.EnergyManagement updateEnergySource
INFO: Current energy source: Solar
Feb 01, 2024 11:38:12 PM ppp.EnergyManagement updateEnergySource
INFO: Current energy source: Grid
Feb 01, 2024 11:38:17 PM ppp.EnergyManagement updateEnergySource
INFO: Current energy source: Grid
Feb 01, 2024 11:38:22 PM ppp.EnergyManagement updateEnergySource
INFO: Current energy source: Solar
Feb 01, 2024 11:38:27 PM ppp.EnergyManagement updateEnergySource
INFO: Current energy source: Grid
Feb 01, 2024 11:38:32 PM ppp.EnergyManagement updateEnergySource
INFO: Current energy source: Grid
Feb 01, 2024 11:38:37 PM ppp.EnergyManagement updateEnergySource
INFO: Current energy source: Solar
Feb 01, 2024 11:38:42 PM ppp.EnergyManagement updateEnergySource
INFO: Current energy source: Grid
Feb 01, 2024 11:38:47 PM ppp.EnergyManagement updateEnergySource
INFO: Current energy source: Grid
Feb 01, 2024 11:38:52 PM ppp.EnergyManagement updateEnergySource
INFO: Current energy source: Solar
Feb 01, 2024 11:38:57 PM ppp.EnergyManagement updateEnergySource
INFO: Current energy source: Grid
Feb 01, 2024 11:39:02 PM ppp.EnergyManagement updateEnergySource
INFO: Current energy source: Grid
Feb 01, 2024 11:39:07 PM ppp.EnergyManagement updateEnergySource
INFO: Current energy source: Solar
Feb 02, 2024 12:26:13 AM ppp.EnergyManagement updateEnergySource
INFO: Current energy source: Grid
Feb 02, 2024 12:26:18 AM ppp.EnergyManagement updateEnergySource
INFO: Current energy source: Grid
Feb 02, 2024 12:26:23 AM ppp.EnergyManagement updateEnergySource
INFO: Current energy source: Solar
Feb 02, 2024 12:26:28 AM ppp.EnergyManagement updateEnergySource
INFO: Current energy source: Grid
Feb 02, 2024 12:26:33 AM ppp.EnergyManagement updateEnergySource
INFO: Current energy source: Grid
Feb 02, 2024 12:26:38 AM ppp.EnergyManagement updateEnergySource
INFO: Current energy source: Solar
Feb 02, 2024 12:26:43 AM ppp.EnergyManagement updateEnergySource
INFO: Current energy source: Grid
Feb 02, 2024 12:26:48 AM ppp.EnergyManagement updateEnergySource
INFO: Current energy source: Grid
Feb 02, 2024 12:59:27 AM ppp.EnergyManagement updateEnergySource
INFO: Current energy source: Grid
Feb 02, 2024 1:00:41 AM ppp.EnergyManagement updateEnergySource
INFO: Current energy source: Grid
Feb 02, 2024 1:01:17 AM ppp.EnergyManagement updateEnergySource
INFO: Current energy source: Grid
Feb 02, 2024 1:03:55 AM ppp.EnergyManagement updateEnergySource
INFO: Current energy source: Grid
Feb 02, 2024 2:01:40 AM ppp.EnergyManagement updateEnergySource
INFO: Current energy source: Grid
Feb 02, 2024 2:01:45 AM ppp.EnergyManagement updateEnergySource
INFO: Current energy source: Grid
Feb 02, 2024 2:01:50 AM ppp.EnergyManagement updateEnergySource
INFO: Current energy source: Solar
Feb 02, 2024 2:01:55 AM ppp.EnergyManagement updateEnergySource
INFO: Current energy source: Grid
Feb 02, 2024 2:02:00 AM ppp.EnergyManagement updateEnergySource
INFO: Current energy source: Grid
Feb 02, 2024 2:02:05 AM ppp.EnergyManagement updateEnergySource
INFO: Current energy source: Solar
Feb 02, 2024 2:02:10 AM ppp.EnergyManagement updateEnergySource
INFO: Current energy source: Grid
Feb 02, 2024 2:02:15 AM ppp.EnergyManagement updateEnergySource
INFO: Current energy source: Grid
Feb 02, 2024 2:03:45 AM ppp.EnergyManagement updateEnergySource
INFO: Current energy source: Grid
Feb 02, 2024 2:03:50 AM ppp.EnergyManagement updateEnergySource
INFO: Current energy source: Grid
Feb 02, 2024 2:03:55 AM ppp.EnergyManagement updateEnergySource
INFO: Current energy source: Solar
Feb 02, 2024 3:13:49 PM ppp.EnergyManagement updateEnergySource
INFO: Current energy source: Grid
Feb 02, 2024 3:13:54 PM ppp.EnergyManagement updateEnergySource
INFO: Current energy source: Solar
Feb 02, 2024 3:13:59 PM ppp.EnergyManagement updateEnergySource
INFO: Current energy source: Grid
Feb 02, 2024 3:14:04 PM ppp.EnergyManagement updateEnergySource
INFO: Current energy source: Grid
Feb 02, 2024 3:17:22 PM ppp.EnergyManagement updateEnergySource
INFO: Current energy source: Grid
Feb 02, 2024 3:17:27 PM ppp.EnergyManagement updateEnergySource
INFO: Current energy source: Grid
Feb 02, 2024 3:17:32 PM ppp.EnergyManagement updateEnergySource
INFO: Current energy source: Solar
Feb 02, 2024 3:17:37 PM ppp.EnergyManagement updateEnergySource
INFO: Current energy source: Grid
Feb 02, 2024 3:17:42 PM ppp.EnergyManagement updateEnergySource
INFO: Current energy source: Grid
Feb 02, 2024 3:17:47 PM ppp.EnergyManagement updateEnergySource
INFO: Current energy source: Solar
Feb 02, 2024 3:17:52 PM ppp.EnergyManagement updateEnergySource
INFO: Current energy source: Grid
Feb 02, 2024 3:18:45 PM ppp.EnergyManagement updateEnergySource
INFO: Current energy source: Grid
Feb 02, 2024 3:18:50 PM ppp.EnergyManagement updateEnergySource
INFO: Current energy source: Grid
Feb 02, 2024 3:18:55 PM ppp.EnergyManagement updateEnergySource
INFO: Current energy source: Solar
Feb 02, 2024 3:19:00 PM ppp.EnergyManagement updateEnergySource
INFO: Current energy source: Grid
Feb 02, 2024 3:19:05 PM ppp.EnergyManagement updateEnergySource
INFO: Current energy source: Grid
Feb 02, 2024 3:19:10 PM ppp.EnergyManagement updateEnergySource
INFO: Current energy source: Solar
Feb 02, 2024 3:22:20 PM Capstone_Project.EnergyManagement updateEnergySource
INFO: Current energy source: Grid
Feb 02, 2024 3:22:20 PM Capstone_Project.EnergyManagement updateEnergySource
INFO: Current energy source: Solar
Feb 02, 2024 3:25:19 PM Capstone_Project.EnergyManagement updateEnergySource
INFO: Current energy source: Grid
Feb 02, 2024 3:25:24 PM Capstone_Project.EnergyManagement updateEnergySource
INFO: Current energy source: Grid
Feb 02, 2024 3:25:29 PM Capstone_Project.EnergyManagement updateEnergySource
INFO: Current energy source: Solar
Feb 02, 2024 3:25:34 PM Capstone_Project.EnergyManagement updateEnergySource
INFO: Current energy source: Grid
Feb 02, 2024 3:25:39 PM Capstone_Project.EnergyManagement updateEnergySource
INFO: Current energy source: Grid
Feb 02, 2024 3:25:44 PM Capstone_Project.EnergyManagement updateEnergySource
INFO: Current energy source: Solar
Feb 02, 2024 3:25:49 PM Capstone_Project.EnergyManagement updateEnergySource
INFO: Current energy source: Grid
Feb 02, 2024 3:25:54 PM Capstone_Project.EnergyManagement updateEnergySource
INFO: Current energy source: Grid
Feb 02, 2024 3:42:47 PM Capstone_Project.EnergyManagement updateEnergySource
INFO: Current energy source: Grid
Feb 02, 2024 3:42:52 PM Capstone_Project.EnergyManagement updateEnergySource
INFO: Current energy source: Grid
Feb 02, 2024 3:42:57 PM Capstone_Project.EnergyManagement updateEnergySource
INFO: Current energy source: Solar
Feb 02, 2024 3:43:02 PM Capstone_Project.EnergyManagement updateEnergySource
INFO: Current energy source: Grid
Feb 02, 2024 3:43:07 PM Capstone_Project.EnergyManagement updateEnergySource
INFO: Current energy source: Grid
Feb 02, 2024 3:43:12 PM Capstone_Project.EnergyManagement updateEnergySource
INFO: Current energy source: Solar
